#
# There is insufficient memory for the Java Runtime Environment to continue.
# Native memory allocation (malloc) failed to allocate 1048576 bytes. Error detail: AllocateHeap
# Possible reasons:
#   The system is out of physical RAM or swap space
#   This process is running with CompressedOops enabled, and the Java Heap may be blocking the growth of the native heap
# Possible solutions:
#   Reduce memory load on the system
#   Increase physical memory or swap space
#   Check if swap backing store is full
#   Decrease Java heap size (-Xmx/-Xms)
#   Decrease number of Java threads
#   Decrease Java thread stack sizes (-Xss)
#   Set larger code cache with -XX:ReservedCodeCacheSize=
#   JVM is running with Unscaled Compressed Oops mode in which the Java heap is
#     placed in the first 4GB address space. The Java Heap base address is the
#     maximum limit for the native heap growth. Please use -XX:HeapBaseMinAddress
#     to set the Java Heap base and to place the Java Heap above 4GB virtual address.
# This output file may be truncated or incomplete.
#
#  Out of Memory Error (allocation.cpp:44), pid=16176, tid=29024
#
# JRE version: OpenJDK Runtime Environment Temurin-21.0.10+7 (21.0.10+7) (build 21.0.10+7-LTS)
# Java VM: OpenJDK 64-Bit Server VM Temurin-21.0.10+7 (21.0.10+7-LTS, mixed mode, sharing, tiered, compressed oops, compressed class ptrs, parallel gc, windows-amd64)
# No core dump will be written. Minidumps are not enabled by default on client versions of Windows
#

---------------  S U M M A R Y ------------

Command Line: --add-modules=ALL-SYSTEM --add-opens=java.base/java.util=ALL-UNNAMED --add-opens=java.base/java.lang=ALL-UNNAMED --add-opens=java.base/sun.nio.fs=ALL-UNNAMED -Declipse.application=org.eclipse.jdt.ls.core.id1 -Dosgi.bundles.defaultStartLevel=4 -Declipse.product=org.eclipse.jdt.ls.core.product -Djava.import.generatesMetadataFilesAtProjectRoot=false -DDetectVMInstallationsJob.disabled=true -Dfile.encoding=utf8 -XX:+UseParallelGC -XX:GCTimeRatio=4 -XX:AdaptiveSizePolicyWeight=90 -Dsun.zip.disableMemoryMapping=true -Xmx2G -Xms100m -Xlog:disable -javaagent:c:\Users\murem\.vscode\extensions\redhat.java-1.54.0-win32-x64\lombok\lombok-1.18.39-4050.jar -XX:+HeapDumpOnOutOfMemoryError -XX:HeapDumpPath=c:\Users\murem\AppData\Roaming\Code\User\workspaceStorage\89c6106dec857782964cb352f9a3a463\redhat.java -Daether.dependencyCollector.impl=bf c:\Users\murem\.vscode\extensions\redhat.java-1.54.0-win32-x64\server\plugins\org.eclipse.equinox.launcher_1.7.100.v20251111-0406.jar -configuration c:\Users\murem\AppData\Roaming\Code\User\globalStorage\redhat.java\1.54.0\config_win -data c:\Users\murem\AppData\Roaming\Code\User\workspaceStorage\89c6106dec857782964cb352f9a3a463\redhat.java\jdt_ws --pipe=\\.\pipe\lsp-f80637edd23bdaf1af41ae99f1b484b0-sock

Host: AMD Ryzen 5 5625U with Radeon Graphics         , 12 cores, 5G,  Windows 11 , 64 bit Build 26100 (10.0.26100.8521)
Time: Wed Jun 17 18:39:31 2026 South Africa Standard Time elapsed time: 480.237801 seconds (0d 0h 8m 0s)

---------------  T H R E A D  ---------------

Current thread (0x0000028e8cb18850):  JavaThread "Attach Listener" daemon [_thread_in_vm, id=29024, stack(0x000000c01fb00000,0x000000c01fc00000) (1024K)]

Stack: [0x000000c01fb00000,0x000000c01fc00000]
Native frames: (J=compiled Java code, j=interpreted, Vv=VM code, C=native code)
V  [jvm.dll+0x6d7a39]
V  [jvm.dll+0x8b4b26]
V  [jvm.dll+0x8b70de]
V  [jvm.dll+0x8b77c3]
V  [jvm.dll+0x284346]
V  [jvm.dll+0xc1277]
V  [jvm.dll+0x6d82e9]
V  [jvm.dll+0x1334a6]
V  [jvm.dll+0x3f857e]
V  [jvm.dll+0x85f59d]
V  [jvm.dll+0x6d626d]
C  [ucrtbase.dll+0x2cd30]
C  [KERNEL32.DLL+0x2e957]
C  [ntdll.dll+0x87c1c]


---------------  P R O C E S S  ---------------

Threads class SMR info:
_java_thread_list=0x0000028eeddfb6f0, length=64, elements={
0x0000028e8ca6ca40, 0x0000028e8ca1dca0, 0x0000028e8cb132f0, 0x0000028e8cb17970,
0x0000028e8cb18850, 0x0000028e8cb1f050, 0x0000028e8cb26100, 0x0000028e8cb2abb0,
0x0000028e8cb2cbc0, 0x0000028ee5a23c40, 0x0000028ee59ea930, 0x0000028ee68b2e00,
0x0000028ee6ae8ac0, 0x0000028ee6ba6d30, 0x0000028ee695afb0, 0x0000028eeb7b22c0,
0x0000028ee6d7b790, 0x0000028eeb7ae8e0, 0x0000028ee6a706d0, 0x0000028ee6a70040,
0x0000028ee6a6df70, 0x0000028eed1b2b90, 0x0000028eed1b0ac0, 0x0000028eed1b17e0,
0x0000028eed1b1e70, 0x0000028eed1b2500, 0x0000028eed1b3220, 0x0000028eed1afda0,
0x0000028eed1b38b0, 0x0000028eed1b0430, 0x0000028eed1b66a0, 0x0000028eed1b6d30,
0x0000028eed1b3f40, 0x0000028eed1b4c60, 0x0000028eed1b52f0, 0x0000028eed1b73c0,
0x0000028eed1b45d0, 0x0000028eede9a520, 0x0000028eede970a0, 0x0000028eede9abb0,
0x0000028eede9b8d0, 0x0000028eede98ae0, 0x0000028eede9d9a0, 0x0000028eede9e030,
0x0000028eede9e6c0, 0x0000028eede9cc80, 0x0000028eede9c5f0, 0x0000028eede9d310,
0x0000028ee6e0ce70, 0x0000028ee6e0ef40, 0x0000028ee6e0e220, 0x0000028ee6e0c150,
0x0000028ee6e0c7e0, 0x0000028eee0da8a0, 0x0000028eee0df760, 0x0000028eee0de3b0,
0x0000028eee0dea40, 0x0000028eede97dc0, 0x0000028ef651b1c0, 0x0000028ef651a4a0,
0x0000028ef6519780, 0x0000028ef651ab30, 0x0000028ef6517d40, 0x0000028ef651c570
}

Java Threads: ( => current thread )
  0x0000028e8ca6ca40 JavaThread "main"                              [_thread_blocked, id=29188, stack(0x000000c01f400000,0x000000c01f500000) (1024K)]
  0x0000028e8ca1dca0 JavaThread "Reference Handler"          daemon [_thread_blocked, id=25980, stack(0x000000c01f800000,0x000000c01f900000) (1024K)]
  0x0000028e8cb132f0 JavaThread "Finalizer"                  daemon [_thread_blocked, id=29772, stack(0x000000c01f900000,0x000000c01fa00000) (1024K)]
  0x0000028e8cb17970 JavaThread "Signal Dispatcher"          daemon [_thread_blocked, id=1140, stack(0x000000c01fa00000,0x000000c01fb00000) (1024K)]
=>0x0000028e8cb18850 JavaThread "Attach Listener"            daemon [_thread_in_vm, id=29024, stack(0x000000c01fb00000,0x000000c01fc00000) (1024K)]
  0x0000028e8cb1f050 JavaThread "Service Thread"             daemon [_thread_blocked, id=5512, stack(0x000000c01fc00000,0x000000c01fd00000) (1024K)]
  0x0000028e8cb26100 JavaThread "Monitor Deflation Thread"   daemon [_thread_blocked, id=27796, stack(0x000000c01fd00000,0x000000c01fe00000) (1024K)]
  0x0000028e8cb2abb0 JavaThread "C2 CompilerThread0"         daemon [_thread_blocked, id=32408, stack(0x000000c01fe00000,0x000000c01ff00000) (1024K)]
  0x0000028e8cb2cbc0 JavaThread "C1 CompilerThread0"         daemon [_thread_blocked, id=23684, stack(0x000000c01ff00000,0x000000c020000000) (1024K)]
  0x0000028ee5a23c40 JavaThread "Common-Cleaner"             daemon [_thread_blocked, id=31368, stack(0x000000c020000000,0x000000c020100000) (1024K)]
  0x0000028ee59ea930 JavaThread "Notification Thread"        daemon [_thread_blocked, id=32432, stack(0x000000c020100000,0x000000c020200000) (1024K)]
  0x0000028ee68b2e00 JavaThread "Active Thread: Equinox Container: 067badd0-b7fd-4c1f-9e16-07ab0b8d6718"        [_thread_blocked, id=23628, stack(0x000000c020800000,0x000000c020900000) (1024K)]
  0x0000028ee6ae8ac0 JavaThread "Refresh Thread: Equinox Container: 067badd0-b7fd-4c1f-9e16-07ab0b8d6718" daemon [_thread_blocked, id=26716, stack(0x000000c020a00000,0x000000c020b00000) (1024K)]
  0x0000028ee6ba6d30 JavaThread "Framework Event Dispatcher: Equinox Container: 067badd0-b7fd-4c1f-9e16-07ab0b8d6718" daemon [_thread_blocked, id=28888, stack(0x000000c020b00000,0x000000c020c00000) (1024K)]
  0x0000028ee695afb0 JavaThread "Start Level: Equinox Container: 067badd0-b7fd-4c1f-9e16-07ab0b8d6718" daemon [_thread_blocked, id=28612, stack(0x000000c020c00000,0x000000c020d00000) (1024K)]
  0x0000028eeb7b22c0 JavaThread "Bundle File Closer"         daemon [_thread_blocked, id=15072, stack(0x000000c021000000,0x000000c021100000) (1024K)]
  0x0000028ee6d7b790 JavaThread "SCR Component Actor"        daemon [_thread_blocked, id=9700, stack(0x000000c020f00000,0x000000c021000000) (1024K)]
  0x0000028eeb7ae8e0 JavaThread "Worker-JM"                         [_thread_blocked, id=22480, stack(0x000000c021200000,0x000000c021300000) (1024K)]
  0x0000028ee6a706d0 JavaThread "JNA Cleaner"                daemon [_thread_blocked, id=31460, stack(0x000000c021100000,0x000000c021200000) (1024K)]
  0x0000028ee6a70040 JavaThread "Java indexing"              daemon [_thread_blocked, id=17808, stack(0x000000c021300000,0x000000c021400000) (1024K)]
  0x0000028ee6a6df70 JavaThread "Worker-4"                          [_thread_blocked, id=31868, stack(0x000000c021800000,0x000000c021900000) (1024K)]
  0x0000028eed1b2b90 JavaThread "Thread-1"                   daemon [_thread_in_native, id=20084, stack(0x000000c021c00000,0x000000c021d00000) (1024K)]
  0x0000028eed1b0ac0 JavaThread "Thread-2"                   daemon [_thread_in_native, id=31992, stack(0x000000c021d00000,0x000000c021e00000) (1024K)]
  0x0000028eed1b17e0 JavaThread "Thread-3"                   daemon [_thread_in_native, id=7180, stack(0x000000c021e00000,0x000000c021f00000) (1024K)]
  0x0000028eed1b1e70 JavaThread "Thread-4"                   daemon [_thread_in_native, id=32004, stack(0x000000c021f00000,0x000000c022000000) (1024K)]
  0x0000028eed1b2500 JavaThread "Thread-5"                   daemon [_thread_in_native, id=26840, stack(0x000000c022000000,0x000000c022100000) (1024K)]
  0x0000028eed1b3220 JavaThread "Thread-6"                   daemon [_thread_in_native, id=24440, stack(0x000000c022100000,0x000000c022200000) (1024K)]
  0x0000028eed1afda0 JavaThread "Thread-7"                   daemon [_thread_in_native, id=27992, stack(0x000000c022200000,0x000000c022300000) (1024K)]
  0x0000028eed1b38b0 JavaThread "Thread-8"                   daemon [_thread_in_native, id=31092, stack(0x000000c022300000,0x000000c022400000) (1024K)]
  0x0000028eed1b0430 JavaThread "Thread-9"                   daemon [_thread_in_native, id=30376, stack(0x000000c022400000,0x000000c022500000) (1024K)]
  0x0000028eed1b66a0 JavaThread "Thread-10"                  daemon [_thread_in_native, id=27128, stack(0x000000c022500000,0x000000c022600000) (1024K)]
  0x0000028eed1b6d30 JavaThread "Thread-11"                  daemon [_thread_in_native, id=33020, stack(0x000000c022600000,0x000000c022700000) (1024K)]
  0x0000028eed1b3f40 JavaThread "Thread-12"                  daemon [_thread_in_native, id=31504, stack(0x000000c022700000,0x000000c022800000) (1024K)]
  0x0000028eed1b4c60 JavaThread "Thread-13"                  daemon [_thread_in_native, id=30060, stack(0x000000c022800000,0x000000c022900000) (1024K)]
  0x0000028eed1b52f0 JavaThread "pool-2-thread-1"                   [_thread_blocked, id=23712, stack(0x000000c022900000,0x000000c022a00000) (1024K)]
  0x0000028eed1b73c0 JavaThread "WorkspaceEventsHandler"            [_thread_blocked, id=32968, stack(0x000000c022b00000,0x000000c022c00000) (1024K)]
  0x0000028eed1b45d0 JavaThread "pool-1-thread-1"                   [_thread_blocked, id=30396, stack(0x000000c022c00000,0x000000c022d00000) (1024K)]
  0x0000028eede9a520 JavaThread "LocalFile Deleter"          daemon [_thread_blocked, id=27740, stack(0x000000c023000000,0x000000c023100000) (1024K)]
  0x0000028eede970a0 JavaThread "LocalFile Deleter"          daemon [_thread_blocked, id=31880, stack(0x000000c023300000,0x000000c023400000) (1024K)]
  0x0000028eede9abb0 JavaThread "LocalFile Deleter"          daemon [_thread_blocked, id=32052, stack(0x000000c023400000,0x000000c023500000) (1024K)]
  0x0000028eede9b8d0 JavaThread "LocalFile Deleter"          daemon [_thread_blocked, id=29464, stack(0x000000c023700000,0x000000c023800000) (1024K)]
  0x0000028eede98ae0 JavaThread "LocalFile Deleter"          daemon [_thread_blocked, id=25084, stack(0x000000c023a00000,0x000000c023b00000) (1024K)]
  0x0000028eede9d9a0 JavaThread "Compiler Source File Reader" daemon [_thread_blocked, id=22624, stack(0x000000c023b00000,0x000000c023c00000) (1024K)]
  0x0000028eede9e030 JavaThread "Compiler Source File Reader" daemon [_thread_blocked, id=29916, stack(0x000000c023c00000,0x000000c023d00000) (1024K)]
  0x0000028eede9e6c0 JavaThread "Compiler Source File Reader" daemon [_thread_blocked, id=27712, stack(0x000000c023d00000,0x000000c023e00000) (1024K)]
  0x0000028eede9cc80 JavaThread "Compiler Source File Reader" daemon [_thread_blocked, id=29356, stack(0x000000c023e00000,0x000000c023f00000) (1024K)]
  0x0000028eede9c5f0 JavaThread "Compiler Source File Reader" daemon [_thread_blocked, id=33388, stack(0x000000c023f00000,0x000000c024000000) (1024K)]
  0x0000028eede9d310 JavaThread "Compiler Source File Reader" daemon [_thread_blocked, id=23536, stack(0x000000c024000000,0x000000c024100000) (1024K)]
  0x0000028ee6e0ce70 JavaThread "Compiler Source File Reader" daemon [_thread_blocked, id=31620, stack(0x000000c024100000,0x000000c024200000) (1024K)]
  0x0000028ee6e0ef40 JavaThread "Compiler Source File Reader" daemon [_thread_blocked, id=27964, stack(0x000000c024200000,0x000000c024300000) (1024K)]
  0x0000028ee6e0e220 JavaThread "Compiler Source File Reader" daemon [_thread_blocked, id=25904, stack(0x000000c024300000,0x000000c024400000) (1024K)]
  0x0000028ee6e0c150 JavaThread "Compiler Source File Reader" daemon [_thread_blocked, id=30336, stack(0x000000c024400000,0x000000c024500000) (1024K)]
  0x0000028ee6e0c7e0 JavaThread "ForkJoinPool.commonPool-worker-1" daemon [_thread_blocked, id=30456, stack(0x000000c024600000,0x000000c024700000) (1024K)]
  0x0000028eee0da8a0 JavaThread "ForkJoinPool.commonPool-worker-2" daemon [_thread_blocked, id=29732, stack(0x000000c025200000,0x000000c025300000) (1024K)]
  0x0000028eee0df760 JavaThread "ForkJoinPool.commonPool-worker-3" daemon [_thread_blocked, id=26248, stack(0x000000c025300000,0x000000c025400000) (1024K)]
  0x0000028eee0de3b0 JavaThread "ForkJoinPool.commonPool-worker-5" daemon [_thread_blocked, id=31176, stack(0x000000c025500000,0x000000c025600000) (1024K)]
  0x0000028eee0dea40 JavaThread "ForkJoinPool.commonPool-worker-6" daemon [_thread_blocked, id=32440, stack(0x000000c025600000,0x000000c025700000) (1024K)]
  0x0000028eede97dc0 JavaThread "ForkJoinPool.commonPool-worker-7" daemon [_thread_blocked, id=26380, stack(0x000000c025700000,0x000000c025800000) (1024K)]
  0x0000028ef651b1c0 JavaThread "ForkJoinPool.commonPool-worker-9" daemon [_thread_blocked, id=27232, stack(0x000000c025800000,0x000000c025900000) (1024K)]
  0x0000028ef651a4a0 JavaThread "ForkJoinPool.commonPool-worker-8" daemon [_thread_blocked, id=29168, stack(0x000000c025900000,0x000000c025a00000) (1024K)]
  0x0000028ef6519780 JavaThread "ForkJoinPool.commonPool-worker-10" daemon [_thread_blocked, id=17376, stack(0x000000c025a00000,0x000000c025b00000) (1024K)]
  0x0000028ef651ab30 JavaThread "ForkJoinPool.commonPool-worker-11" daemon [_thread_blocked, id=18400, stack(0x000000c025b00000,0x000000c025c00000) (1024K)]
  0x0000028ef6517d40 JavaThread "Cleaner-0"                  daemon [_thread_blocked, id=24904, stack(0x000000c025c00000,0x000000c025d00000) (1024K)]
  0x0000028ef651c570 JavaThread "Worker-7"                          [_thread_blocked, id=27716, stack(0x000000c01f100000,0x000000c01f200000) (1024K)]
Total: 64

Other Threads:
  0x0000028ee57914a0 VMThread "VM Thread"                           [id=23864, stack(0x000000c01f700000,0x000000c01f800000) (1024K)]
  0x0000028e8c8fca10 WatcherThread "VM Periodic Task Thread"        [id=32648, stack(0x000000c01f600000,0x000000c01f700000) (1024K)]
  0x0000028e8ca8bc30 WorkerThread "GC Thread#0"                     [id=25748, stack(0x000000c01f500000,0x000000c01f600000) (1024K)]
  0x0000028ee6860300 WorkerThread "GC Thread#1"                     [id=21236, stack(0x000000c020200000,0x000000c020300000) (1024K)]
  0x0000028ee68daac0 WorkerThread "GC Thread#2"                     [id=26240, stack(0x000000c020300000,0x000000c020400000) (1024K)]
  0x0000028ee68dae70 WorkerThread "GC Thread#3"                     [id=28828, stack(0x000000c020400000,0x000000c020500000) (1024K)]
  0x0000028ee68db220 WorkerThread "GC Thread#4"                     [id=29988, stack(0x000000c020500000,0x000000c020600000) (1024K)]
  0x0000028ee6bf4b30 WorkerThread "GC Thread#5"                     [id=22264, stack(0x000000c020600000,0x000000c020700000) (1024K)]
  0x0000028ee6bf3c70 WorkerThread "GC Thread#6"                     [id=27776, stack(0x000000c020700000,0x000000c020800000) (1024K)]
  0x0000028ee6bf5290 WorkerThread "GC Thread#7"                     [id=26568, stack(0x000000c020900000,0x000000c020a00000) (1024K)]
  0x0000028ee6bf38c0 WorkerThread "GC Thread#8"                     [id=32388, stack(0x000000c020d00000,0x000000c020e00000) (1024K)]
  0x0000028ee6bf43d0 WorkerThread "GC Thread#9"                     [id=32032, stack(0x000000c020e00000,0x000000c020f00000) (1024K)]
Total: 12

Threads with active compile tasks:
Total: 0

VM state: not at safepoint (normal execution)

VM Mutex/Monitor currently owned by a thread: None

Heap address: 0x0000000080000000, size: 2048 MB, Compressed Oops mode: 32-bit

CDS archive(s) mapped at: [0x0000028ea4000000-0x0000028ea4ba0000-0x0000028ea4ba0000), size 12189696, SharedBaseAddress: 0x0000028ea4000000, ArchiveRelocationMode: 1.
Compressed class space mapped at: 0x0000028ea5000000-0x0000028ee5000000, reserved size: 1073741824
Narrow klass base: 0x0000028ea4000000, Narrow klass shift: 0, Narrow klass range: 0x100000000

GC Precious Log:
 CardTable entry size: 512
 CPUs: 12 total, 12 available
 Memory: 5989M
 Large Page Support: Disabled
 NUMA Support: Disabled
 Compressed Oops: Enabled (32-bit)
 Alignments: Space 512K, Generation 512K, Heap 2M
 Heap Min Capacity: 100M
 Heap Initial Capacity: 100M
 Heap Max Capacity: 2G
 Pre-touch: Disabled
 Parallel Workers: 10

Heap:
 PSYoungGen      total 2560K, used 661K [0x00000000d5580000, 0x00000000d5900000, 0x0000000100000000)
  eden space 2048K, 18% used [0x00000000d5580000,0x00000000d55dd618,0x00000000d5780000)
  from space 512K, 56% used [0x00000000d5800000,0x00000000d5848000,0x00000000d5880000)
  to   space 512K, 0% used [0x00000000d5880000,0x00000000d5880000,0x00000000d5900000)
 ParOldGen       total 310272K, used 77900K [0x0000000080000000, 0x0000000092f00000, 0x00000000d5580000)
  object space 310272K, 25% used [0x0000000080000000,0x0000000084c130e8,0x0000000092f00000)
 Metaspace       used 79899K, committed 81664K, reserved 1179648K
  class space    used 8275K, committed 9088K, reserved 1048576K

Card table byte_map: [0x0000028e8c410000,0x0000028e8c820000] _byte_map_base: 0x0000028e8c010000

Marking Bits: (ParMarkBitMap*) 0x00007ffefeee3450
 Begin Bits: [0x0000028e9ef20000, 0x0000028ea0f20000)
 End Bits:   [0x0000028ea0f20000, 0x0000028ea2f20000)

Polling page: 0x0000028e8a680000

Metaspace:

Usage:
  Non-class:     69.95 MB used.
      Class:      8.08 MB used.
       Both:     78.03 MB used.

Virtual space:
  Non-class space:      128.00 MB reserved,      70.88 MB ( 55%) committed,  2 nodes.
      Class space:        1.00 GB reserved,       8.88 MB ( <1%) committed,  1 nodes.
             Both:        1.12 GB reserved,      79.75 MB (  7%) committed. 

Chunk freelists:
   Non-Class:  8.86 MB
       Class:  7.06 MB
        Both:  15.91 MB

MaxMetaspaceSize: unlimited
CompressedClassSpaceSize: 1.00 GB
Initial GC threshold: 21.00 MB
Current GC threshold: 131.56 MB
CDS: on
 - commit_granule_bytes: 65536.
 - commit_granule_words: 8192.
 - virtual_space_node_default_size: 8388608.
 - enlarge_chunks_in_place: 1.
 - use_allocation_guard: 0.


Internal statistics:

num_allocs_failed_limit: 9.
num_arena_births: 1544.
num_arena_deaths: 34.
num_vsnodes_births: 3.
num_vsnodes_deaths: 0.
num_space_committed: 1276.
num_space_uncommitted: 0.
num_chunks_returned_to_freelist: 52.
num_chunks_taken_from_freelist: 5540.
num_chunk_merges: 19.
num_chunk_splits: 3180.
num_chunks_enlarged: 1535.
num_inconsistent_stats: 0.

CodeHeap 'non-profiled nmethods': size=120000Kb used=9957Kb max_used=9957Kb free=110042Kb
 bounds [0x0000028e97740000, 0x0000028e98100000, 0x0000028e9ec70000]
CodeHeap 'profiled nmethods': size=120000Kb used=36262Kb max_used=36262Kb free=83737Kb
 bounds [0x0000028e8fc70000, 0x0000028e91fe0000, 0x0000028e971a0000]
CodeHeap 'non-nmethods': size=5760Kb used=1513Kb max_used=1640Kb free=4246Kb
 bounds [0x0000028e971a0000, 0x0000028e97410000, 0x0000028e97740000]
CodeCache: size=245760Kb, used=47732Kb, max_used=47859Kb, free=198025Kb
 total_blobs=16731, nmethods=15899, adapters=734, full_count=0
Compilation: enabled, stopped_count=0, restarted_count=0

Compilation events (20 events):
Event: 454.229 Thread 0x0000028e8cb2cbc0 17377       1       org.eclipse.core.internal.resources.ProjectDescription::getFilters (5 bytes)
Event: 454.233 Thread 0x0000028e8cb2cbc0 nmethod 17377 0x0000028e980f8f90 code [0x0000028e980f9120, 0x0000028e980f91e8]
Event: 454.233 Thread 0x0000028e8cb2cbc0 17380       3       org.eclipse.jdt.internal.core.manipulation.util.Strings::markJavaElementLabelLTR (16 bytes)
Event: 454.234 Thread 0x0000028e8cb2cbc0 nmethod 17380 0x0000028e906bc910 code [0x0000028e906bcaa0, 0x0000028e906bcba0]
Event: 454.234 Thread 0x0000028e8cb2cbc0 17379       3       org.eclipse.jdt.internal.core.manipulation.JavaElementLabelComposerCore$FlexibleStringBufferCore::length (8 bytes)
Event: 454.237 Thread 0x0000028e8cb2cbc0 nmethod 17379 0x0000028e91fd7290 code [0x0000028e91fd7440, 0x0000028e91fd7658]
Event: 454.238 Thread 0x0000028e8cb2cbc0 17381       3       org.eclipse.jdt.internal.core.manipulation.JavaElementLabelsCore::getElementLabel (22 bytes)
Event: 454.239 Thread 0x0000028e8cb2cbc0 nmethod 17381 0x0000028e91fd7710 code [0x0000028e91fd7920, 0x0000028e91fd7fa8]
Event: 454.239 Thread 0x0000028e8cb2cbc0 17383       3       org.eclipse.lsp4j.Location::<init> (31 bytes)
Event: 454.245 Thread 0x0000028e8cb2cbc0 nmethod 17383 0x0000028e91fd8290 code [0x0000028e91fd84a0, 0x0000028e91fd8a48]
Event: 454.245 Thread 0x0000028e8cb2cbc0 17382       3       org.eclipse.jdt.ls.core.internal.JDTUtils::toLocation (273 bytes)
Event: 454.270 Thread 0x0000028e8cb2cbc0 nmethod 17382 0x0000028e91fd8c90 code [0x0000028e91fd9040, 0x0000028e91fda930]
Event: 454.270 Thread 0x0000028e8cb2cbc0 17378       3       org.eclipse.jdt.core.Flags::isEnum (12 bytes)
Event: 454.270 Thread 0x0000028e8cb2cbc0 nmethod 17378 0x0000028e905fc890 code [0x0000028e905fca40, 0x0000028e905fcb98]
Event: 459.214 Thread 0x0000028e8cb2cbc0 17384       3       java.util.concurrent.ForkJoinTask::casStatus (13 bytes)
Event: 459.216 Thread 0x0000028e8cb2cbc0 nmethod 17384 0x0000028e91fdb010 code [0x0000028e91fdb1a0, 0x0000028e91fdb2c8]
Event: 464.846 Thread 0x0000028e8cb2abb0 17385       4       java.lang.invoke.LambdaForm$MH/0x0000028ea5019c00::invoke (25 bytes)
Event: 464.846 Thread 0x0000028e8cb2cbc0 17386       3       java.util.logging.LogManager::getProperty (9 bytes)
Event: 464.849 Thread 0x0000028e8cb2abb0 nmethod 17385 0x0000028e980f9290 code [0x0000028e980f9440, 0x0000028e980f9570]
Event: 464.849 Thread 0x0000028e8cb2cbc0 nmethod 17386 0x0000028e91fdb390 code [0x0000028e91fdb540, 0x0000028e91fdb718]

GC Heap History (20 events):
Event: 335.651 GC heap before
{Heap before GC invocations=318 (full 4):
 PSYoungGen      total 2560K, used 2336K [0x00000000d5580000, 0x00000000d5900000, 0x0000000100000000)
  eden space 2048K, 100% used [0x00000000d5580000,0x00000000d5780000,0x00000000d5780000)
  from space 512K, 56% used [0x00000000d5800000,0x00000000d5848000,0x00000000d5880000)
  to   space 512K, 0% used [0x00000000d5880000,0x00000000d5880000,0x00000000d5900000)
 ParOldGen       total 310272K, used 77148K [0x0000000080000000, 0x0000000092f00000, 0x00000000d5580000)
  object space 310272K, 24% used [0x0000000080000000,0x0000000084b570e8,0x0000000092f00000)
 Metaspace       used 79465K, committed 81088K, reserved 1179648K
  class space    used 8236K, committed 8960K, reserved 1048576K
}
Event: 335.665 GC heap after
{Heap after GC invocations=318 (full 4):
 PSYoungGen      total 2560K, used 256K [0x00000000d5580000, 0x00000000d5900000, 0x0000000100000000)
  eden space 2048K, 0% used [0x00000000d5580000,0x00000000d5580000,0x00000000d5780000)
  from space 512K, 50% used [0x00000000d5880000,0x00000000d58c0000,0x00000000d5900000)
  to   space 512K, 0% used [0x00000000d5800000,0x00000000d5800000,0x00000000d5880000)
 ParOldGen       total 310272K, used 77292K [0x0000000080000000, 0x0000000092f00000, 0x00000000d5580000)
  object space 310272K, 24% used [0x0000000080000000,0x0000000084b7b0e8,0x0000000092f00000)
 Metaspace       used 79465K, committed 81088K, reserved 1179648K
  class space    used 8236K, committed 8960K, reserved 1048576K
}
Event: 339.284 GC heap before
{Heap before GC invocations=319 (full 4):
 PSYoungGen      total 2560K, used 2304K [0x00000000d5580000, 0x00000000d5900000, 0x0000000100000000)
  eden space 2048K, 100% used [0x00000000d5580000,0x00000000d5780000,0x00000000d5780000)
  from space 512K, 50% used [0x00000000d5880000,0x00000000d58c0000,0x00000000d5900000)
  to   space 512K, 0% used [0x00000000d5800000,0x00000000d5800000,0x00000000d5880000)
 ParOldGen       total 310272K, used 77292K [0x0000000080000000, 0x0000000092f00000, 0x00000000d5580000)
  object space 310272K, 24% used [0x0000000080000000,0x0000000084b7b0e8,0x0000000092f00000)
 Metaspace       used 79501K, committed 81152K, reserved 1179648K
  class space    used 8242K, committed 8960K, reserved 1048576K
}
Event: 339.286 GC heap after
{Heap after GC invocations=319 (full 4):
 PSYoungGen      total 2560K, used 256K [0x00000000d5580000, 0x00000000d5900000, 0x0000000100000000)
  eden space 2048K, 0% used [0x00000000d5580000,0x00000000d5580000,0x00000000d5780000)
  from space 512K, 50% used [0x00000000d5800000,0x00000000d5840000,0x00000000d5880000)
  to   space 512K, 0% used [0x00000000d5880000,0x00000000d5880000,0x00000000d5900000)
 ParOldGen       total 310272K, used 77364K [0x0000000080000000, 0x0000000092f00000, 0x00000000d5580000)
  object space 310272K, 24% used [0x0000000080000000,0x0000000084b8d0e8,0x0000000092f00000)
 Metaspace       used 79501K, committed 81152K, reserved 1179648K
  class space    used 8242K, committed 8960K, reserved 1048576K
}
Event: 342.252 GC heap before
{Heap before GC invocations=320 (full 4):
 PSYoungGen      total 2560K, used 2304K [0x00000000d5580000, 0x00000000d5900000, 0x0000000100000000)
  eden space 2048K, 100% used [0x00000000d5580000,0x00000000d5780000,0x00000000d5780000)
  from space 512K, 50% used [0x00000000d5800000,0x00000000d5840000,0x00000000d5880000)
  to   space 512K, 0% used [0x00000000d5880000,0x00000000d5880000,0x00000000d5900000)
 ParOldGen       total 310272K, used 77364K [0x0000000080000000, 0x0000000092f00000, 0x00000000d5580000)
  object space 310272K, 24% used [0x0000000080000000,0x0000000084b8d0e8,0x0000000092f00000)
 Metaspace       used 79519K, committed 81152K, reserved 1179648K
  class space    used 8243K, committed 8960K, reserved 1048576K
}
Event: 342.254 GC heap after
{Heap after GC invocations=320 (full 4):
 PSYoungGen      total 2560K, used 224K [0x00000000d5580000, 0x00000000d5900000, 0x0000000100000000)
  eden space 2048K, 0% used [0x00000000d5580000,0x00000000d5580000,0x00000000d5780000)
  from space 512K, 43% used [0x00000000d5880000,0x00000000d58b8000,0x00000000d5900000)
  to   space 512K, 0% used [0x00000000d5800000,0x00000000d5800000,0x00000000d5880000)
 ParOldGen       total 310272K, used 77412K [0x0000000080000000, 0x0000000092f00000, 0x00000000d5580000)
  object space 310272K, 24% used [0x0000000080000000,0x0000000084b990e8,0x0000000092f00000)
 Metaspace       used 79519K, committed 81152K, reserved 1179648K
  class space    used 8243K, committed 8960K, reserved 1048576K
}
Event: 343.881 GC heap before
{Heap before GC invocations=321 (full 4):
 PSYoungGen      total 2560K, used 2272K [0x00000000d5580000, 0x00000000d5900000, 0x0000000100000000)
  eden space 2048K, 100% used [0x00000000d5580000,0x00000000d5780000,0x00000000d5780000)
  from space 512K, 43% used [0x00000000d5880000,0x00000000d58b8000,0x00000000d5900000)
  to   space 512K, 0% used [0x00000000d5800000,0x00000000d5800000,0x00000000d5880000)
 ParOldGen       total 310272K, used 77412K [0x0000000080000000, 0x0000000092f00000, 0x00000000d5580000)
  object space 310272K, 24% used [0x0000000080000000,0x0000000084b990e8,0x0000000092f00000)
 Metaspace       used 79791K, committed 81408K, reserved 1179648K
  class space    used 8268K, committed 9024K, reserved 1048576K
}
Event: 343.886 GC heap after
{Heap after GC invocations=321 (full 4):
 PSYoungGen      total 2560K, used 320K [0x00000000d5580000, 0x00000000d5900000, 0x0000000100000000)
  eden space 2048K, 0% used [0x00000000d5580000,0x00000000d5580000,0x00000000d5780000)
  from space 512K, 62% used [0x00000000d5800000,0x00000000d5850000,0x00000000d5880000)
  to   space 512K, 0% used [0x00000000d5880000,0x00000000d5880000,0x00000000d5900000)
 ParOldGen       total 310272K, used 77468K [0x0000000080000000, 0x0000000092f00000, 0x00000000d5580000)
  object space 310272K, 24% used [0x0000000080000000,0x0000000084ba70e8,0x0000000092f00000)
 Metaspace       used 79791K, committed 81408K, reserved 1179648K
  class space    used 8268K, committed 9024K, reserved 1048576K
}
Event: 344.374 GC heap before
{Heap before GC invocations=322 (full 4):
 PSYoungGen      total 2560K, used 2368K [0x00000000d5580000, 0x00000000d5900000, 0x0000000100000000)
  eden space 2048K, 100% used [0x00000000d5580000,0x00000000d5780000,0x00000000d5780000)
  from space 512K, 62% used [0x00000000d5800000,0x00000000d5850000,0x00000000d5880000)
  to   space 512K, 0% used [0x00000000d5880000,0x00000000d5880000,0x00000000d5900000)
 ParOldGen       total 310272K, used 77468K [0x0000000080000000, 0x0000000092f00000, 0x00000000d5580000)
  object space 310272K, 24% used [0x0000000080000000,0x0000000084ba70e8,0x0000000092f00000)
 Metaspace       used 79809K, committed 81408K, reserved 1179648K
  class space    used 8271K, committed 9024K, reserved 1048576K
}
Event: 344.377 GC heap after
{Heap after GC invocations=322 (full 4):
 PSYoungGen      total 2560K, used 368K [0x00000000d5580000, 0x00000000d5900000, 0x0000000100000000)
  eden space 2048K, 0% used [0x00000000d5580000,0x00000000d5580000,0x00000000d5780000)
  from space 512K, 71% used [0x00000000d5880000,0x00000000d58dc030,0x00000000d5900000)
  to   space 512K, 0% used [0x00000000d5800000,0x00000000d5800000,0x00000000d5880000)
 ParOldGen       total 310272K, used 77612K [0x0000000080000000, 0x0000000092f00000, 0x00000000d5580000)
  object space 310272K, 25% used [0x0000000080000000,0x0000000084bcb0e8,0x0000000092f00000)
 Metaspace       used 79809K, committed 81408K, reserved 1179648K
  class space    used 8271K, committed 9024K, reserved 1048576K
}
Event: 386.237 GC heap before
{Heap before GC invocations=323 (full 4):
 PSYoungGen      total 2560K, used 2415K [0x00000000d5580000, 0x00000000d5900000, 0x0000000100000000)
  eden space 2048K, 99% used [0x00000000d5580000,0x00000000d577ff18,0x00000000d5780000)
  from space 512K, 71% used [0x00000000d5880000,0x00000000d58dc030,0x00000000d5900000)
  to   space 512K, 0% used [0x00000000d5800000,0x00000000d5800000,0x00000000d5880000)
 ParOldGen       total 310272K, used 77612K [0x0000000080000000, 0x0000000092f00000, 0x00000000d5580000)
  object space 310272K, 25% used [0x0000000080000000,0x0000000084bcb0e8,0x0000000092f00000)
 Metaspace       used 79832K, committed 81472K, reserved 1179648K
  class space    used 8271K, committed 9024K, reserved 1048576K
}
Event: 386.247 GC heap after
{Heap after GC invocations=323 (full 4):
 PSYoungGen      total 2560K, used 320K [0x00000000d5580000, 0x00000000d5900000, 0x0000000100000000)
  eden space 2048K, 0% used [0x00000000d5580000,0x00000000d5580000,0x00000000d5780000)
  from space 512K, 62% used [0x00000000d5800000,0x00000000d5850000,0x00000000d5880000)
  to   space 512K, 0% used [0x00000000d5880000,0x00000000d5880000,0x00000000d5900000)
 ParOldGen       total 310272K, used 77708K [0x0000000080000000, 0x0000000092f00000, 0x00000000d5580000)
  object space 310272K, 25% used [0x0000000080000000,0x0000000084be30e8,0x0000000092f00000)
 Metaspace       used 79832K, committed 81472K, reserved 1179648K
  class space    used 8271K, committed 9024K, reserved 1048576K
}
Event: 393.795 GC heap before
{Heap before GC invocations=324 (full 4):
 PSYoungGen      total 2560K, used 2363K [0x00000000d5580000, 0x00000000d5900000, 0x0000000100000000)
  eden space 2048K, 99% used [0x00000000d5580000,0x00000000d577ef18,0x00000000d5780000)
  from space 512K, 62% used [0x00000000d5800000,0x00000000d5850000,0x00000000d5880000)
  to   space 512K, 0% used [0x00000000d5880000,0x00000000d5880000,0x00000000d5900000)
 ParOldGen       total 310272K, used 77708K [0x0000000080000000, 0x0000000092f00000, 0x00000000d5580000)
  object space 310272K, 25% used [0x0000000080000000,0x0000000084be30e8,0x0000000092f00000)
 Metaspace       used 79855K, committed 81472K, reserved 1179648K
  class space    used 8271K, committed 9024K, reserved 1048576K
}
Event: 393.798 GC heap after
{Heap after GC invocations=324 (full 4):
 PSYoungGen      total 2560K, used 224K [0x00000000d5580000, 0x00000000d5900000, 0x0000000100000000)
  eden space 2048K, 0% used [0x00000000d5580000,0x00000000d5580000,0x00000000d5780000)
  from space 512K, 43% used [0x00000000d5880000,0x00000000d58b8000,0x00000000d5900000)
  to   space 512K, 0% used [0x00000000d5800000,0x00000000d5800000,0x00000000d5880000)
 ParOldGen       total 310272K, used 77764K [0x0000000080000000, 0x0000000092f00000, 0x00000000d5580000)
  object space 310272K, 25% used [0x0000000080000000,0x0000000084bf10e8,0x0000000092f00000)
 Metaspace       used 79855K, committed 81472K, reserved 1179648K
  class space    used 8271K, committed 9024K, reserved 1048576K
}
Event: 446.125 GC heap before
{Heap before GC invocations=325 (full 4):
 PSYoungGen      total 2560K, used 2272K [0x00000000d5580000, 0x00000000d5900000, 0x0000000100000000)
  eden space 2048K, 100% used [0x00000000d5580000,0x00000000d5780000,0x00000000d5780000)
  from space 512K, 43% used [0x00000000d5880000,0x00000000d58b8000,0x00000000d5900000)
  to   space 512K, 0% used [0x00000000d5800000,0x00000000d5800000,0x00000000d5880000)
 ParOldGen       total 310272K, used 77764K [0x0000000080000000, 0x0000000092f00000, 0x00000000d5580000)
  object space 310272K, 25% used [0x0000000080000000,0x0000000084bf10e8,0x0000000092f00000)
 Metaspace       used 79863K, committed 81536K, reserved 1179648K
  class space    used 8271K, committed 9024K, reserved 1048576K
}
Event: 446.171 GC heap after
{Heap after GC invocations=325 (full 4):
 PSYoungGen      total 2560K, used 288K [0x00000000d5580000, 0x00000000d5900000, 0x0000000100000000)
  eden space 2048K, 0% used [0x00000000d5580000,0x00000000d5580000,0x00000000d5780000)
  from space 512K, 56% used [0x00000000d5800000,0x00000000d5848000,0x00000000d5880000)
  to   space 512K, 0% used [0x00000000d5880000,0x00000000d5880000,0x00000000d5900000)
 ParOldGen       total 310272K, used 77796K [0x0000000080000000, 0x0000000092f00000, 0x00000000d5580000)
  object space 310272K, 25% used [0x0000000080000000,0x0000000084bf90e8,0x0000000092f00000)
 Metaspace       used 79863K, committed 81536K, reserved 1179648K
  class space    used 8271K, committed 9024K, reserved 1048576K
}
Event: 453.703 GC heap before
{Heap before GC invocations=326 (full 4):
 PSYoungGen      total 2560K, used 2336K [0x00000000d5580000, 0x00000000d5900000, 0x0000000100000000)
  eden space 2048K, 100% used [0x00000000d5580000,0x00000000d5780000,0x00000000d5780000)
  from space 512K, 56% used [0x00000000d5800000,0x00000000d5848000,0x00000000d5880000)
  to   space 512K, 0% used [0x00000000d5880000,0x00000000d5880000,0x00000000d5900000)
 ParOldGen       total 310272K, used 77796K [0x0000000080000000, 0x0000000092f00000, 0x00000000d5580000)
  object space 310272K, 25% used [0x0000000080000000,0x0000000084bf90e8,0x0000000092f00000)
 Metaspace       used 79887K, committed 81664K, reserved 1179648K
  class space    used 8275K, committed 9088K, reserved 1048576K
}
Event: 453.707 GC heap after
{Heap after GC invocations=326 (full 4):
 PSYoungGen      total 2560K, used 192K [0x00000000d5580000, 0x00000000d5900000, 0x0000000100000000)
  eden space 2048K, 0% used [0x00000000d5580000,0x00000000d5580000,0x00000000d5780000)
  from space 512K, 37% used [0x00000000d5880000,0x00000000d58b0000,0x00000000d5900000)
  to   space 512K, 0% used [0x00000000d5800000,0x00000000d5800000,0x00000000d5880000)
 ParOldGen       total 310272K, used 77828K [0x0000000080000000, 0x0000000092f00000, 0x00000000d5580000)
  object space 310272K, 25% used [0x0000000080000000,0x0000000084c010e8,0x0000000092f00000)
 Metaspace       used 79887K, committed 81664K, reserved 1179648K
  class space    used 8275K, committed 9088K, reserved 1048576K
}
Event: 454.234 GC heap before
{Heap before GC invocations=327 (full 4):
 PSYoungGen      total 2560K, used 2240K [0x00000000d5580000, 0x00000000d5900000, 0x0000000100000000)
  eden space 2048K, 100% used [0x00000000d5580000,0x00000000d5780000,0x00000000d5780000)
  from space 512K, 37% used [0x00000000d5880000,0x00000000d58b0000,0x00000000d5900000)
  to   space 512K, 0% used [0x00000000d5800000,0x00000000d5800000,0x00000000d5880000)
 ParOldGen       total 310272K, used 77828K [0x0000000080000000, 0x0000000092f00000, 0x00000000d5580000)
  object space 310272K, 25% used [0x0000000080000000,0x0000000084c010e8,0x0000000092f00000)
 Metaspace       used 79892K, committed 81664K, reserved 1179648K
  class space    used 8275K, committed 9088K, reserved 1048576K
}
Event: 454.237 GC heap after
{Heap after GC invocations=327 (full 4):
 PSYoungGen      total 2560K, used 288K [0x00000000d5580000, 0x00000000d5900000, 0x0000000100000000)
  eden space 2048K, 0% used [0x00000000d5580000,0x00000000d5580000,0x00000000d5780000)
  from space 512K, 56% used [0x00000000d5800000,0x00000000d5848000,0x00000000d5880000)
  to   space 512K, 0% used [0x00000000d5880000,0x00000000d5880000,0x00000000d5900000)
 ParOldGen       total 310272K, used 77900K [0x0000000080000000, 0x0000000092f00000, 0x00000000d5580000)
  object space 310272K, 25% used [0x0000000080000000,0x0000000084c130e8,0x0000000092f00000)
 Metaspace       used 79892K, committed 81664K, reserved 1179648K
  class space    used 8275K, committed 9088K, reserved 1048576K
}

Dll operation events (12 events):
Event: 0.213 Loaded shared library c:\Users\murem\.vscode\extensions\redhat.java-1.54.0-win32-x64\jre\21.0.10-win32-x86_64\bin\java.dll
Event: 0.330 Loaded shared library c:\Users\murem\.vscode\extensions\redhat.java-1.54.0-win32-x64\jre\21.0.10-win32-x86_64\bin\zip.dll
Event: 0.365 Loaded shared library C:\Users\murem\.vscode\extensions\redhat.java-1.54.0-win32-x64\jre\21.0.10-win32-x86_64\bin\instrument.dll
Event: 0.493 Loaded shared library C:\Users\murem\.vscode\extensions\redhat.java-1.54.0-win32-x64\jre\21.0.10-win32-x86_64\bin\net.dll
Event: 0.610 Loaded shared library C:\Users\murem\.vscode\extensions\redhat.java-1.54.0-win32-x64\jre\21.0.10-win32-x86_64\bin\nio.dll
Event: 0.615 Loaded shared library C:\Users\murem\.vscode\extensions\redhat.java-1.54.0-win32-x64\jre\21.0.10-win32-x86_64\bin\zip.dll
Event: 0.643 Loaded shared library C:\Users\murem\.vscode\extensions\redhat.java-1.54.0-win32-x64\jre\21.0.10-win32-x86_64\bin\jimage.dll
Event: 0.825 Loaded shared library c:\Users\murem\.vscode\extensions\redhat.java-1.54.0-win32-x64\jre\21.0.10-win32-x86_64\bin\verify.dll
Event: 19.261 Loaded shared library C:\Users\murem\AppData\Roaming\Code\User\globalStorage\redhat.java\1.54.0\config_win\org.eclipse.equinox.launcher\org.eclipse.equinox.launcher.win32.win32.x86_64_1.3.0.v20260203-2149\eclipse_11919.dll
Event: 39.404 Loaded shared library C:\Users\murem\AppData\Local\Temp\jna-104262130\jna3729284652892690496.dll
Event: 45.439 Loaded shared library C:\Users\murem\.vscode\extensions\redhat.java-1.54.0-win32-x64\jre\21.0.10-win32-x86_64\bin\sunmscapi.dll
Event: 45.599 Loaded shared library C:\Users\murem\.vscode\extensions\redhat.java-1.54.0-win32-x64\jre\21.0.10-win32-x86_64\bin\extnet.dll

Deoptimization events (20 events):
Event: 343.866 Thread 0x0000028ef651ecd0 DEOPT PACKING pc=0x0000028e978804b0 sp=0x000000c01f3fec40
Event: 343.866 Thread 0x0000028ef651ecd0 DEOPT UNPACKING pc=0x0000028e971f3aa2 sp=0x000000c01f3fec38 mode 2
Event: 343.866 Thread 0x0000028ef651ecd0 Uncommon trap: trap_request=0xffffffc6 fr.pc=0x0000028e97911128 relative=0x00000000000012a8
Event: 343.866 Thread 0x0000028ef651ecd0 Uncommon trap: reason=bimorphic_or_optimized_type_check action=maybe_recompile pc=0x0000028e97911128 method=java.io.DataOutputStream.write([BII)V @ 7 c2
Event: 343.866 Thread 0x0000028ef651ecd0 DEOPT PACKING pc=0x0000028e97911128 sp=0x000000c01f3fed50
Event: 343.866 Thread 0x0000028ef651ecd0 DEOPT UNPACKING pc=0x0000028e971f3aa2 sp=0x000000c01f3fecb0 mode 2
Event: 343.942 Thread 0x0000028ef651ecd0 Uncommon trap: trap_request=0xffffff45 fr.pc=0x0000028e98067ef4 relative=0x0000000000000674
Event: 343.942 Thread 0x0000028ef651ecd0 Uncommon trap: reason=unstable_if action=reinterpret pc=0x0000028e98067ef4 method=java.io.InputStream.read([BII)I @ 52 c2
Event: 343.943 Thread 0x0000028ef651ecd0 DEOPT PACKING pc=0x0000028e98067ef4 sp=0x000000c01f3fee80
Event: 343.943 Thread 0x0000028ef651ecd0 DEOPT UNPACKING pc=0x0000028e971f3aa2 sp=0x000000c01f3fee10 mode 2
Event: 384.877 Thread 0x0000028eed1b45d0 Uncommon trap: trap_request=0xffffffbe fr.pc=0x0000028e97e4d988 relative=0x00000000000005a8
Event: 384.878 Thread 0x0000028eed1b45d0 Uncommon trap: reason=profile_predicate action=maybe_recompile pc=0x0000028e97e4d988 method=java.io.InputStream.read([BII)I @ 37 c2
Event: 384.878 Thread 0x0000028eed1b45d0 DEOPT PACKING pc=0x0000028e97e4d988 sp=0x000000c022cfe9b0
Event: 384.878 Thread 0x0000028eed1b45d0 DEOPT UNPACKING pc=0x0000028e971f3aa2 sp=0x000000c022cfe990 mode 2
Event: 393.771 Thread 0x0000028eed1b45d0 DEOPT PACKING pc=0x0000028e9078a4c4 sp=0x000000c022cfe980
Event: 393.771 Thread 0x0000028eed1b45d0 DEOPT UNPACKING pc=0x0000028e971f4242 sp=0x000000c022cfde80 mode 0
Event: 446.323 Thread 0x0000028eee0da8a0 Uncommon trap: trap_request=0xffffff45 fr.pc=0x0000028e97ec17b4 relative=0x0000000000000094
Event: 446.324 Thread 0x0000028eee0da8a0 Uncommon trap: reason=unstable_if action=reinterpret pc=0x0000028e97ec17b4 method=java.util.LinkedHashMap.afterNodeInsertion(Z)V @ 18 c2
Event: 446.325 Thread 0x0000028eee0da8a0 DEOPT PACKING pc=0x0000028e97ec17b4 sp=0x000000c0252fe7a0
Event: 446.325 Thread 0x0000028eee0da8a0 DEOPT UNPACKING pc=0x0000028e971f3aa2 sp=0x000000c0252fe720 mode 2

Classes loaded (20 events):
Event: 297.833 Loading class java/nio/BufferMismatch
Event: 297.839 Loading class java/nio/BufferMismatch done
Event: 310.386 Loading class jdk/internal/module/IllegalAccessLogger
Event: 310.392 Loading class jdk/internal/module/IllegalAccessLogger done
Event: 342.715 Loading class java/util/stream/Nodes$CollectorTask$OfRef
Event: 342.726 Loading class java/util/stream/Nodes$CollectorTask
Event: 342.736 Loading class java/util/stream/Nodes$CollectorTask done
Event: 342.736 Loading class java/util/stream/Nodes$CollectorTask$OfRef done
Event: 343.345 Loading class java/util/function/LongFunction
Event: 343.350 Loading class java/util/function/LongFunction done
Event: 343.359 Loading class java/util/stream/Nodes$ConcNode
Event: 343.363 Loading class java/util/stream/Nodes$AbstractConcNode
Event: 343.367 Loading class java/util/stream/Nodes$AbstractConcNode done
Event: 343.367 Loading class java/util/stream/Nodes$ConcNode done
Event: 343.677 Loading class java/io/ObjectOutputStream$BlockDataOutputStream
Event: 343.683 Loading class java/io/ObjectOutputStream$BlockDataOutputStream done
Event: 343.684 Loading class java/io/ObjectOutputStream$HandleTable
Event: 343.687 Loading class java/io/ObjectOutputStream$HandleTable done
Event: 343.687 Loading class java/io/ObjectOutputStream$ReplaceTable
Event: 343.690 Loading class java/io/ObjectOutputStream$ReplaceTable done

Classes unloaded (17 events):
Event: 40.678 Thread 0x0000028ee57914a0 Unloading class 0x0000028ea51ab400 'java/lang/invoke/LambdaForm$MH+0x0000028ea51ab400'
Event: 40.678 Thread 0x0000028ee57914a0 Unloading class 0x0000028ea51ab000 'java/lang/invoke/LambdaForm$MH+0x0000028ea51ab000'
Event: 40.678 Thread 0x0000028ee57914a0 Unloading class 0x0000028ea51aac00 'java/lang/invoke/LambdaForm$MH+0x0000028ea51aac00'
Event: 40.678 Thread 0x0000028ee57914a0 Unloading class 0x0000028ea51aa800 'java/lang/invoke/LambdaForm$MH+0x0000028ea51aa800'
Event: 40.678 Thread 0x0000028ee57914a0 Unloading class 0x0000028ea51aa400 'java/lang/invoke/LambdaForm$BMH+0x0000028ea51aa400'
Event: 40.678 Thread 0x0000028ee57914a0 Unloading class 0x0000028ea51aa000 'java/lang/invoke/LambdaForm$DMH+0x0000028ea51aa000'
Event: 40.678 Thread 0x0000028ee57914a0 Unloading class 0x0000028ea51a8c00 'java/lang/invoke/LambdaForm$DMH+0x0000028ea51a8c00'
Event: 49.134 Thread 0x0000028ee57914a0 Unloading class 0x0000028ea56e1000 'java/lang/invoke/LambdaForm$MH+0x0000028ea56e1000'
Event: 49.134 Thread 0x0000028ee57914a0 Unloading class 0x0000028ea56e0c00 'java/lang/invoke/LambdaForm$MH+0x0000028ea56e0c00'
Event: 49.134 Thread 0x0000028ee57914a0 Unloading class 0x0000028ea56e0000 'java/lang/invoke/LambdaForm$MH+0x0000028ea56e0000'
Event: 320.015 Thread 0x0000028ee57914a0 Unloading class 0x0000028ea5808800 'java/lang/invoke/LambdaForm$DMH+0x0000028ea5808800'
Event: 320.015 Thread 0x0000028ee57914a0 Unloading class 0x0000028ea5808400 'java/lang/invoke/LambdaForm$DMH+0x0000028ea5808400'
Event: 320.015 Thread 0x0000028ee57914a0 Unloading class 0x0000028ea5808c00 'java/lang/invoke/LambdaForm$DMH+0x0000028ea5808c00'
Event: 320.016 Thread 0x0000028ee57914a0 Unloading class 0x0000028ea579d400 'java/lang/invoke/LambdaForm$DMH+0x0000028ea579d400'
Event: 320.016 Thread 0x0000028ee57914a0 Unloading class 0x0000028ea579d000 'java/lang/invoke/LambdaForm$DMH+0x0000028ea579d000'
Event: 320.016 Thread 0x0000028ee57914a0 Unloading class 0x0000028ea579cc00 'java/lang/invoke/LambdaForm$DMH+0x0000028ea579cc00'
Event: 320.016 Thread 0x0000028ee57914a0 Unloading class 0x0000028ea579c800 'java/lang/invoke/LambdaForm$DMH+0x0000028ea579c800'

Classes redefined (0 events):
No events

Internal exceptions (20 events):
Event: 67.481 Thread 0x0000028ee6a6df70 Exception <a 'sun/nio/fs/WindowsException'{0x00000000d593ba30}> (0x00000000d593ba30) 
thrown [s\src\hotspot\share\prims\jni.cpp, line 520]
Event: 67.481 Thread 0x0000028ee6a6df70 Exception <a 'sun/nio/fs/WindowsException'{0x00000000d593c068}> (0x00000000d593c068) 
thrown [s\src\hotspot\share\prims\jni.cpp, line 520]
Event: 67.810 Thread 0x0000028eee0de3b0 Exception <a 'java/lang/NoSuchMethodError'{0x00000000d58fa1d0}: 'java.lang.Object java.lang.invoke.DirectMethodHandle$Holder.newInvokeSpecial(java.lang.Object, java.lang.Object, int, java.lang.Object, java.lang.Object, java.lang.Object, java.lang.Object)'> (0x00000000d58fa1d0) 
thrown [s\src\hotspot\share\interpreter\linkResolver.cpp, line 773]
Event: 67.812 Thread 0x0000028eee0de3b0 Exception <a 'java/lang/NoSuchMethodError'{0x00000000d59b7e08}: 'java.lang.Object java.lang.invoke.Invokers$Holder.linkToTargetMethod(java.lang.Object, int, java.lang.Object, java.lang.Object, java.lang.Object, java.lang.Object, java.lang.Object)'> (0x00000000d59b7e08) 
thrown [s\src\hotspot\share\interpreter\linkResolver.cpp, line 773]
Event: 68.264 Thread 0x0000028ee6a6df70 Exception <a 'java/lang/NoSuchMethodError'{0x00000000d59b0cb0}: 'java.lang.Object java.lang.invoke.DirectMethodHandle$Holder.invokeStatic(java.lang.Object, java.lang.Object, int, java.lang.Object)'> (0x00000000d59b0cb0) 
thrown [s\src\hotspot\share\interpreter\linkResolver.cpp, line 773]
Event: 293.097 Thread 0x0000028ee6a70040 Exception <a 'sun/nio/fs/WindowsException'{0x00000000d5615c20}> (0x00000000d5615c20) 
thrown [s\src\hotspot\share\prims\jni.cpp, line 520]
Event: 295.826 Thread 0x0000028ee6a70040 Exception <a 'sun/nio/fs/WindowsException'{0x00000000d559a1e0}> (0x00000000d559a1e0) 
thrown [s\src\hotspot\share\prims\jni.cpp, line 520]
Event: 295.914 Thread 0x0000028ee6a70040 Implicit null exception at 0x0000028e97cdda62 to 0x0000028e97cdde98
Event: 298.186 Thread 0x0000028ee6a70040 Exception <a 'sun/nio/fs/WindowsException'{0x00000000d5674b60}> (0x00000000d5674b60) 
thrown [s\src\hotspot\share\prims\jni.cpp, line 520]
Event: 298.935 Thread 0x0000028ee6a70040 Exception <a 'sun/nio/fs/WindowsException'{0x00000000d57eb900}> (0x00000000d57eb900) 
thrown [s\src\hotspot\share\prims\jni.cpp, line 520]
Event: 307.917 Thread 0x0000028ee6a70040 Implicit null exception at 0x0000028e97f5bbe4 to 0x0000028e97f5f940
Event: 308.083 Thread 0x0000028ee6a70040 Exception <a 'sun/nio/fs/WindowsException'{0x00000000d5599e60}> (0x00000000d5599e60) 
thrown [s\src\hotspot\share\prims\jni.cpp, line 520]
Event: 315.118 Thread 0x0000028ee6a70040 Exception <a 'sun/nio/fs/WindowsException'{0x00000000d5716448}> (0x00000000d5716448) 
thrown [s\src\hotspot\share\prims\jni.cpp, line 520]
Event: 319.329 Thread 0x0000028eee0da8a0 Exception <a 'java/lang/ArrayIndexOutOfBoundsException'{0x00000000d5609150}> (0x00000000d5609150) 
thrown [s\src\hotspot\share\runtime\sharedRuntime.cpp, line 625]
Event: 321.586 Thread 0x0000028eee0da8a0 Implicit null exception at 0x0000028e980a5e1a to 0x0000028e980a5fcc
Event: 343.625 Thread 0x0000028ef651ecd0 Exception <a 'sun/nio/fs/WindowsException'{0x00000000d56b55b8}> (0x00000000d56b55b8) 
thrown [s\src\hotspot\share\prims\jni.cpp, line 520]
Event: 343.628 Thread 0x0000028ef651ecd0 Exception <a 'sun/nio/fs/WindowsException'{0x00000000d56b5ec0}> (0x00000000d56b5ec0) 
thrown [s\src\hotspot\share\prims\jni.cpp, line 520]
Event: 343.641 Thread 0x0000028ef651ecd0 Implicit null exception at 0x0000028e97eb8921 to 0x0000028e97eb8c80
Event: 343.820 Thread 0x0000028ef651ecd0 Exception <a 'java/lang/NoSuchMethodError'{0x00000000d574c580}: static [J.<clinit>()V> (0x00000000d574c580) 
thrown [s\src\hotspot\share\prims\jni.cpp, line 1111]
Event: 343.892 Thread 0x0000028ef651ecd0 Exception <a 'java/lang/NoSuchMethodError'{0x00000000d5582890}: 'java.lang.Object java.lang.invoke.DirectMethodHandle$Holder.newInvokeSpecial(java.lang.Object, java.lang.Object, java.lang.Object, java.lang.Object, java.lang.Object, java.lang.Object, java.lang.Object, java.lang.Object)'> (0x00000000d5582890) 
thrown [s\src\hotspot\share\interpreter\linkResolver.cpp, line 773]

ZGC Phase Switch (0 events):
No events

VM Operations (20 events):
Event: 394.799 Executing safepoint VM operation: Cleanup
Event: 394.800 Executing safepoint VM operation: Cleanup done
Event: 420.829 Executing non-safepoint VM operation: HandshakeAllThreads (HandshakeForDeflation)
Event: 420.829 Executing non-safepoint VM operation: HandshakeAllThreads (HandshakeForDeflation) done
Event: 420.830 Executing non-safepoint VM operation: RendezvousGCThreads
Event: 420.830 Executing non-safepoint VM operation: RendezvousGCThreads done
Event: 446.052 Executing safepoint VM operation: Cleanup
Event: 446.056 Executing safepoint VM operation: Cleanup done
Event: 446.114 Executing safepoint VM operation: ParallelGCFailedAllocation (Allocation Failure)
Event: 446.171 Executing safepoint VM operation: ParallelGCFailedAllocation (Allocation Failure) done
Event: 447.177 Executing safepoint VM operation: Cleanup
Event: 447.178 Executing safepoint VM operation: Cleanup done
Event: 448.178 Executing safepoint VM operation: Cleanup
Event: 448.179 Executing safepoint VM operation: Cleanup done
Event: 453.703 Executing safepoint VM operation: ParallelGCFailedAllocation (Allocation Failure)
Event: 453.707 Executing safepoint VM operation: ParallelGCFailedAllocation (Allocation Failure) done
Event: 454.234 Executing safepoint VM operation: ParallelGCFailedAllocation (Allocation Failure)
Event: 454.237 Executing safepoint VM operation: ParallelGCFailedAllocation (Allocation Failure) done
Event: 455.239 Executing safepoint VM operation: Cleanup
Event: 455.239 Executing safepoint VM operation: Cleanup done

Memory protections (0 events):
No events

Nmethod flushes (20 events):
Event: 320.611 Thread 0x0000028ee57914a0 flushing  nmethod 0x0000028e908e7590
Event: 320.611 Thread 0x0000028ee57914a0 flushing  nmethod 0x0000028e908e8110
Event: 320.611 Thread 0x0000028ee57914a0 flushing  nmethod 0x0000028e908e8a10
Event: 320.611 Thread 0x0000028ee57914a0 flushing  nmethod 0x0000028e908e9190
Event: 320.611 Thread 0x0000028ee57914a0 flushing  nmethod 0x0000028e908e9510
Event: 320.611 Thread 0x0000028ee57914a0 flushing  nmethod 0x0000028e908e9890
Event: 320.611 Thread 0x0000028ee57914a0 flushing  nmethod 0x0000028e908e9e10
Event: 320.611 Thread 0x0000028ee57914a0 flushing  nmethod 0x0000028e908eb990
Event: 320.612 Thread 0x0000028ee57914a0 flushing  nmethod 0x0000028e908fb810
Event: 320.612 Thread 0x0000028ee57914a0 flushing  nmethod 0x0000028e908fbc10
Event: 320.612 Thread 0x0000028ee57914a0 flushing  nmethod 0x0000028e908fc210
Event: 320.612 Thread 0x0000028ee57914a0 flushing  nmethod 0x0000028e908fc610
Event: 320.612 Thread 0x0000028ee57914a0 flushing  nmethod 0x0000028e909ee990
Event: 320.612 Thread 0x0000028ee57914a0 flushing  nmethod 0x0000028e90a0a190
Event: 320.612 Thread 0x0000028ee57914a0 flushing  nmethod 0x0000028e90a23d10
Event: 320.612 Thread 0x0000028ee57914a0 flushing  nmethod 0x0000028e90a24710
Event: 320.612 Thread 0x0000028ee57914a0 flushing  nmethod 0x0000028e90a25610
Event: 320.612 Thread 0x0000028ee57914a0 flushing  nmethod 0x0000028e90a28490
Event: 320.612 Thread 0x0000028ee57914a0 flushing  nmethod 0x0000028e90a2b410
Event: 320.612 Thread 0x0000028ee57914a0 flushing  nmethod 0x0000028e90a2e390

Events (20 events):
Event: 343.653 Thread 0x0000028ef651ecd0 Thread added: 0x0000028eede99800
Event: 343.660 Thread 0x0000028eede99800 Thread exited: 0x0000028eede99800
Event: 353.486 Thread 0x0000028ee6e0e8b0 Thread exited: 0x0000028ee6e0e8b0
Event: 353.486 Thread 0x0000028eee0d87d0 Thread exited: 0x0000028eee0d87d0
Event: 353.498 Thread 0x0000028eee0dbc50 Thread exited: 0x0000028eee0dbc50
Event: 353.499 Thread 0x0000028eee0db5c0 Thread exited: 0x0000028eee0db5c0
Event: 353.499 Thread 0x0000028eee0da210 Thread exited: 0x0000028eee0da210
Event: 353.640 Thread 0x0000028eee0dc2e0 Thread exited: 0x0000028eee0dc2e0
Event: 353.655 Thread 0x0000028eee0dc970 Thread exited: 0x0000028eee0dc970
Event: 353.717 Thread 0x0000028eee0d8e60 Thread exited: 0x0000028eee0d8e60
Event: 353.749 Thread 0x0000028eee0d94f0 Thread exited: 0x0000028eee0d94f0
Event: 353.951 Thread 0x0000028eede97730 Thread exited: 0x0000028eede97730
Event: 354.059 Thread 0x0000028eee0dd000 Thread exited: 0x0000028eee0dd000
Event: 374.520 Thread 0x0000028ef651bee0 Thread exited: 0x0000028ef651bee0
Event: 402.391 Thread 0x0000028ef651d920 Thread exited: 0x0000028ef651d920
Event: 402.391 Thread 0x0000028ef651d290 Thread exited: 0x0000028ef651d290
Event: 404.094 Thread 0x0000028ef651ecd0 Thread exited: 0x0000028ef651ecd0
Event: 404.096 Thread 0x0000028eed1b1150 Thread exited: 0x0000028eed1b1150
Event: 413.966 Thread 0x0000028eede98450 Thread exited: 0x0000028eede98450
Event: 473.976 Thread 0x0000028eede9bf60 Thread exited: 0x0000028eede9bf60


Dynamic libraries:
0x00007ff6c4d30000 - 0x00007ff6c4d3e000 	c:\Users\murem\.vscode\extensions\redhat.java-1.54.0-win32-x64\jre\21.0.10-win32-x86_64\bin\java.exe
0x00007fffd0ea0000 - 0x00007fffd1106000 	C:\WINDOWS\SYSTEM32\ntdll.dll
0x00007fffd0320000 - 0x00007fffd03e9000 	C:\WINDOWS\System32\KERNEL32.DLL
0x00007fffce600000 - 0x00007fffce9fa000 	C:\WINDOWS\System32\KERNELBASE.dll
0x00007fffce330000 - 0x00007fffce47c000 	C:\WINDOWS\System32\ucrtbase.dll
0x00007fff97510000 - 0x00007fff9752e000 	c:\Users\murem\.vscode\extensions\redhat.java-1.54.0-win32-x64\jre\21.0.10-win32-x86_64\bin\VCRUNTIME140.dll
0x00007fffa7580000 - 0x00007fffa7598000 	c:\Users\murem\.vscode\extensions\redhat.java-1.54.0-win32-x64\jre\21.0.10-win32-x86_64\bin\jli.dll
0x00007fffd00d0000 - 0x00007fffd0297000 	C:\WINDOWS\System32\USER32.dll
0x00007fffb9ec0000 - 0x00007fffba152000 	C:\WINDOWS\WinSxS\amd64_microsoft.windows.common-controls_6595b64144ccf1df_6.0.26100.8521_none_3e08b75ce33403b3\COMCTL32.dll
0x00007fffceb30000 - 0x00007fffceb57000 	C:\WINDOWS\System32\win32u.dll
0x00007fffd0740000 - 0x00007fffd07e9000 	C:\WINDOWS\System32\msvcrt.dll
0x00007fffcec10000 - 0x00007fffcec3b000 	C:\WINDOWS\System32\GDI32.dll
0x00007fffcea00000 - 0x00007fffceb2b000 	C:\WINDOWS\System32\gdi32full.dll
0x00007fffce130000 - 0x00007fffce1d3000 	C:\WINDOWS\System32\msvcp_win.dll
0x00007fffcefd0000 - 0x00007fffcf002000 	C:\WINDOWS\System32\IMM32.DLL
0x00007fffc38c0000 - 0x00007fffc38cc000 	c:\Users\murem\.vscode\extensions\redhat.java-1.54.0-win32-x64\jre\21.0.10-win32-x86_64\bin\vcruntime140_1.dll
0x00007fff53fe0000 - 0x00007fff5406d000 	c:\Users\murem\.vscode\extensions\redhat.java-1.54.0-win32-x64\jre\21.0.10-win32-x86_64\bin\msvcp140.dll
0x00007ffefe220000 - 0x00007ffefefc1000 	c:\Users\murem\.vscode\extensions\redhat.java-1.54.0-win32-x64\jre\21.0.10-win32-x86_64\bin\server\jvm.dll
0x00007fffcecb0000 - 0x00007fffced66000 	C:\WINDOWS\System32\ADVAPI32.dll
0x00007fffcfc10000 - 0x00007fffcfcba000 	C:\WINDOWS\System32\sechost.dll
0x00007fffd03f0000 - 0x00007fffd0508000 	C:\WINDOWS\System32\RPCRT4.dll
0x00007fffcee80000 - 0x00007fffcef00000 	C:\WINDOWS\System32\WS2_32.dll
0x00007fffcdf90000 - 0x00007fffcdfee000 	C:\WINDOWS\SYSTEM32\POWRPROF.dll
0x00007fffc7810000 - 0x00007fffc7846000 	C:\WINDOWS\SYSTEM32\WINMM.dll
0x00007fffc7850000 - 0x00007fffc785b000 	C:\WINDOWS\SYSTEM32\VERSION.dll
0x00007fffcdf70000 - 0x00007fffcdf84000 	C:\WINDOWS\SYSTEM32\UMPDC.dll
0x00007fffccec0000 - 0x00007fffccedb000 	C:\WINDOWS\SYSTEM32\kernel.appcore.dll
0x00007fffae720000 - 0x00007fffae72a000 	c:\Users\murem\.vscode\extensions\redhat.java-1.54.0-win32-x64\jre\21.0.10-win32-x86_64\bin\jimage.dll
0x00007fffcb8e0000 - 0x00007fffcbb22000 	C:\WINDOWS\SYSTEM32\DBGHELP.DLL
0x00007fffcfcd0000 - 0x00007fffd0053000 	C:\WINDOWS\System32\combase.dll
0x00007fffcfb10000 - 0x00007fffcfbe9000 	C:\WINDOWS\System32\OLEAUT32.dll
0x00007fffb7730000 - 0x00007fffb776b000 	C:\WINDOWS\SYSTEM32\dbgcore.DLL
0x00007fffceb60000 - 0x00007fffcec08000 	C:\WINDOWS\System32\bcryptPrimitives.dll
0x00007fffae6b0000 - 0x00007fffae6bf000 	c:\Users\murem\.vscode\extensions\redhat.java-1.54.0-win32-x64\jre\21.0.10-win32-x86_64\bin\instrument.dll
0x00007fff930f0000 - 0x00007fff93110000 	c:\Users\murem\.vscode\extensions\redhat.java-1.54.0-win32-x64\jre\21.0.10-win32-x86_64\bin\java.dll
0x00007fffcf220000 - 0x00007fffcf9a4000 	C:\WINDOWS\System32\SHELL32.dll
0x00007fffcbcf0000 - 0x00007fffcc570000 	C:\WINDOWS\SYSTEM32\windows.storage.dll
0x00007fffd0d60000 - 0x00007fffd0e56000 	C:\WINDOWS\System32\SHCORE.dll
0x00007fffcec40000 - 0x00007fffceca7000 	C:\WINDOWS\System32\shlwapi.dll
0x00007fffce050000 - 0x00007fffce079000 	C:\WINDOWS\SYSTEM32\profapi.dll
0x00007fff90d50000 - 0x00007fff90d68000 	c:\Users\murem\.vscode\extensions\redhat.java-1.54.0-win32-x64\jre\21.0.10-win32-x86_64\bin\zip.dll
0x00007fffae460000 - 0x00007fffae470000 	C:\Users\murem\.vscode\extensions\redhat.java-1.54.0-win32-x64\jre\21.0.10-win32-x86_64\bin\net.dll
0x00007fffc4370000 - 0x00007fffc4499000 	C:\WINDOWS\SYSTEM32\WINHTTP.dll
0x00007fffcd430000 - 0x00007fffcd49c000 	C:\WINDOWS\system32\mswsock.dll
0x00007fff90700000 - 0x00007fff90716000 	C:\Users\murem\.vscode\extensions\redhat.java-1.54.0-win32-x64\jre\21.0.10-win32-x86_64\bin\nio.dll
0x00007fffae400000 - 0x00007fffae410000 	c:\Users\murem\.vscode\extensions\redhat.java-1.54.0-win32-x64\jre\21.0.10-win32-x86_64\bin\verify.dll
0x00007fff92ef0000 - 0x00007fff92f35000 	C:\Users\murem\AppData\Roaming\Code\User\globalStorage\redhat.java\1.54.0\config_win\org.eclipse.equinox.launcher\org.eclipse.equinox.launcher.win32.win32.x86_64_1.3.0.v20260203-2149\eclipse_11919.dll
0x00007fffd05a0000 - 0x00007fffd0738000 	C:\WINDOWS\System32\ole32.dll
0x00007fffcd710000 - 0x00007fffcd72b000 	C:\WINDOWS\SYSTEM32\CRYPTSP.dll
0x00007fffcce20000 - 0x00007fffcce59000 	C:\WINDOWS\system32\rsaenh.dll
0x00007fffcd4e0000 - 0x00007fffcd513000 	C:\WINDOWS\SYSTEM32\USERENV.dll
0x00007fffce020000 - 0x00007fffce04a000 	C:\WINDOWS\SYSTEM32\bcrypt.dll
0x00007fffcd730000 - 0x00007fffcd73c000 	C:\WINDOWS\SYSTEM32\CRYPTBASE.dll
0x00007fffcc880000 - 0x00007fffcc8b3000 	C:\WINDOWS\SYSTEM32\IPHLPAPI.DLL
0x00007fffcfbf0000 - 0x00007fffcfbfa000 	C:\WINDOWS\System32\NSI.dll
0x00007fff8b2a0000 - 0x00007fff8b2e9000 	C:\Users\murem\AppData\Local\Temp\jna-104262130\jna3729284652892690496.dll
0x00007fffced70000 - 0x00007fffced78000 	C:\WINDOWS\System32\PSAPI.DLL
0x00007fffc4aa0000 - 0x00007fffc4abd000 	C:\WINDOWS\SYSTEM32\dhcpcsvc6.DLL
0x00007fffc44d0000 - 0x00007fffc44f5000 	C:\WINDOWS\SYSTEM32\dhcpcsvc.DLL
0x00007fffb3f30000 - 0x00007fffb3f3e000 	C:\Users\murem\.vscode\extensions\redhat.java-1.54.0-win32-x64\jre\21.0.10-win32-x86_64\bin\sunmscapi.dll
0x00007fffce480000 - 0x00007fffce5f8000 	C:\WINDOWS\System32\CRYPT32.dll
0x00007fffcd930000 - 0x00007fffcd960000 	C:\WINDOWS\SYSTEM32\ncrypt.dll
0x00007fffcd8e0000 - 0x00007fffcd91f000 	C:\WINDOWS\SYSTEM32\NTASN1.dll
0x00007fffcc910000 - 0x00007fffcca5a000 	C:\WINDOWS\SYSTEM32\DNSAPI.dll
0x00007fffcd230000 - 0x00007fffcd23d000 	C:\WINDOWS\SYSTEM32\DSPARSE.dll
0x00007fffbcc80000 - 0x00007fffbcc8b000 	C:\Windows\System32\rasadhlp.dll
0x00007fffc2560000 - 0x00007fffc25e6000 	C:\WINDOWS\System32\fwpuclnt.dll
0x00007fffad740000 - 0x00007fffad749000 	C:\Users\murem\.vscode\extensions\redhat.java-1.54.0-win32-x64\jre\21.0.10-win32-x86_64\bin\extnet.dll
0x00007fffccfe0000 - 0x00007fffcd016000 	C:\WINDOWS\SYSTEM32\ntmarta.dll

JVMTI agents:
c:\Users\murem\.vscode\extensions\redhat.java-1.54.0-win32-x64\lombok\lombok-1.18.39-4050.jar path:c:\Users\murem\.vscode\extensions\redhat.java-1.54.0-win32-x64\jre\21.0.10-win32-x86_64\bin\instrument.dll, loaded, initialized, instrumentlib options:none

dbghelp: loaded successfully - version: 4.0.5 - missing functions: none
symbol engine: initialized successfully - sym options: 0x614 - pdb path: .;c:\Users\murem\.vscode\extensions\redhat.java-1.54.0-win32-x64\jre\21.0.10-win32-x86_64\bin;C:\WINDOWS\SYSTEM32;C:\WINDOWS\WinSxS\amd64_microsoft.windows.common-controls_6595b64144ccf1df_6.0.26100.8521_none_3e08b75ce33403b3;c:\Users\murem\.vscode\extensions\redhat.java-1.54.0-win32-x64\jre\21.0.10-win32-x86_64\bin\server;C:\Users\murem\AppData\Roaming\Code\User\globalStorage\redhat.java\1.54.0\config_win\org.eclipse.equinox.launcher\org.eclipse.equinox.launcher.win32.win32.x86_64_1.3.0.v20260203-2149;C:\Users\murem\AppData\Local\Temp\jna-104262130

VM Arguments:
jvm_args: --add-modules=ALL-SYSTEM --add-opens=java.base/java.util=ALL-UNNAMED --add-opens=java.base/java.lang=ALL-UNNAMED --add-opens=java.base/sun.nio.fs=ALL-UNNAMED -Declipse.application=org.eclipse.jdt.ls.core.id1 -Dosgi.bundles.defaultStartLevel=4 -Declipse.product=org.eclipse.jdt.ls.core.product -Djava.import.generatesMetadataFilesAtProjectRoot=false -DDetectVMInstallationsJob.disabled=true -Dfile.encoding=utf8 -XX:+UseParallelGC -XX:GCTimeRatio=4 -XX:AdaptiveSizePolicyWeight=90 -Dsun.zip.disableMemoryMapping=true -Xmx2G -Xms100m -Xlog:disable -javaagent:c:\Users\murem\.vscode\extensions\redhat.java-1.54.0-win32-x64\lombok\lombok-1.18.39-4050.jar -XX:+HeapDumpOnOutOfMemoryError -XX:HeapDumpPath=c:\Users\murem\AppData\Roaming\Code\User\workspaceStorage\89c6106dec857782964cb352f9a3a463\redhat.java -Daether.dependencyCollector.impl=bf 
java_command: c:\Users\murem\.vscode\extensions\redhat.java-1.54.0-win32-x64\server\plugins\org.eclipse.equinox.launcher_1.7.100.v20251111-0406.jar -configuration c:\Users\murem\AppData\Roaming\Code\User\globalStorage\redhat.java\1.54.0\config_win -data c:\Users\murem\AppData\Roaming\Code\User\workspaceStorage\89c6106dec857782964cb352f9a3a463\redhat.java\jdt_ws --pipe=\\.\pipe\lsp-f80637edd23bdaf1af41ae99f1b484b0-sock
java_class_path (initial): c:\Users\murem\.vscode\extensions\redhat.java-1.54.0-win32-x64\server\plugins\org.eclipse.equinox.launcher_1.7.100.v20251111-0406.jar
Launcher Type: SUN_STANDARD

[Global flags]
    uintx AdaptiveSizePolicyWeight                 = 90                                        {product} {command line}
     intx CICompilerCount                          = 4                                         {product} {ergonomic}
    uintx GCTimeRatio                              = 4                                         {product} {command line}
     bool HeapDumpOnOutOfMemoryError               = true                                   {manageable} {command line}
    ccstr HeapDumpPath                             = c:\Users\murem\AppData\Roaming\Code\User\workspaceStorage\89c6106dec857782964cb352f9a3a463\redhat.java         {manageable} {command line}
   size_t InitialHeapSize                          = 104857600                                 {product} {command line}
   size_t MaxHeapSize                              = 2147483648                                {product} {command line}
   size_t MaxNewSize                               = 715653120                                 {product} {ergonomic}
   size_t MinHeapDeltaBytes                        = 524288                                    {product} {ergonomic}
   size_t MinHeapSize                              = 104857600                                 {product} {command line}
   size_t NewSize                                  = 34603008                                  {product} {ergonomic}
    uintx NonNMethodCodeHeapSize                   = 5839372                                {pd product} {ergonomic}
    uintx NonProfiledCodeHeapSize                  = 122909434                              {pd product} {ergonomic}
   size_t OldSize                                  = 70254592                                  {product} {ergonomic}
    uintx ProfiledCodeHeapSize                     = 122909434                              {pd product} {ergonomic}
    uintx ReservedCodeCacheSize                    = 251658240                              {pd product} {ergonomic}
     bool SegmentedCodeCache                       = true                                      {product} {ergonomic}
   size_t SoftMaxHeapSize                          = 2147483648                             {manageable} {ergonomic}
     bool UseCompressedOops                        = true                           {product lp64_product} {ergonomic}
     bool UseLargePagesIndividualAllocation        = false                                  {pd product} {ergonomic}
     bool UseParallelGC                            = true                                      {product} {command line}

Logging:
Log output configuration:
 #0: stdout all=off uptime,level,tags foldmultilines=false
 #1: stderr all=off uptime,level,tags foldmultilines=false

Release file:
JAVA_VERSION="21.0.10" 
MODULES="java.base java.compiler java.datatransfer java.xml java.prefs java.desktop java.instrument java.logging java.management java.security.sasl java.naming java.rmi java.management.rmi java.net.http java.scripting java.security.jgss java.transaction.xa java.sql java.sql.rowset java.xml.crypto java.se java.smartcardio jdk.accessibility jdk.internal.jvmstat jdk.attach jdk.charsets jdk.internal.opt jdk.zipfs jdk.compiler jdk.crypto.ec jdk.crypto.cryptoki jdk.crypto.mscapi jdk.dynalink jdk.internal.ed jdk.editpad jdk.hotspot.agent jdk.httpserver jdk.internal.le jdk.internal.vm.ci jdk.internal.vm.compiler jdk.internal.vm.compiler.management jdk.jartool jdk.javadoc jdk.jcmd jdk.management jdk.management.agent jdk.jconsole jdk.jdeps jdk.jdwp.agent jdk.jdi jdk.jfr jdk.jshell jdk.jsobject jdk.jstatd jdk.localedata jdk.management.jfr jdk.naming.dns jdk.naming.rmi jdk.net jdk.nio.mapmode jdk.random jdk.sctp jdk.security.auth jdk.security.jgss jdk.unsupported jdk.unsupported.desktop jdk.xml.dom" 

Environment Variables:
PATH=C:\Program Files\Eclipse Adoptium\jdk-17.0.18.8-hotspot\bin;C:\Program Files\Common Files\Oracle\Java\javapath;C:\Program Files\MySQL\MySQL Server 9.3\bin;C:\WINDOWS;C:\WINDOWS\System32\Wbem;C:\WINDOWS\System32\WindowsPowerShell\v1.0\;C:\WINDOWS\System32\OpenSSH\;C:\Program Files (x86)\Microsoft SQL Server\160\Tools\Binn\;C:\Program Files\Microsoft SQL Server\160\Tools\Binn\;C:\Program Files\Microsoft SQL Server\Client SDK\ODBC\170\Tools\Binn\;C:\Program Files\Microsoft SQL Server\160\DTS\Binn\;C:\Program Files (x86)\Microsoft SQL Server\160\DTS\Binn\;C:\Program Files (x86)\Bitvise SSH Client;C:\WINDOWS\system32;C:\Program Files\Git\cmd;C:\Program Files\nodejs\;C:\Program Files\Docker\Docker\resources\bin;C:\Program Files\Eclipse Adoptium\jdk-17.0.18.8-hotspot\bin;C:\Program Files\Common Files\Oracle\Java\javapath;C:\Program Files\MySQL\MySQL Server 9.3\bin;C:\WINDOWS;C:\WINDOWS\System32\Wbem;C:\WINDOWS\System32\WindowsPowerShell\v1.0\;C:\WINDOWS\System32\OpenSSH\;C:\Program Files (x86)\Microsoft SQL Server\160\Tools\Binn\;C:\Program Files\Microsoft SQL Server\160\Tools\Binn\;C:\Program Files\Microsoft SQL Server\Client SDK\ODBC\170\Tools\Binn\;C:\Program Files\Microsoft SQL Server\160\DTS\Binn\;C:\Program Files (x86)\Microsoft SQL Server\160\DTS\Binn\;C:\Program Files (x86)\Bitvise SSH Client;C:\WINDOWS\system32;C:\Program Files\Git\cmd;C:\Program Files\nodejs\;C:\Users\murem\AppData\Local\Microsoft\WindowsApps;C:\Users\murem\AppData\Local\GitHubDesktop\bin;C:\Users\murem\AppData\Local\Programs\Microsoft VS Code\bin;C:\Users\murem\AppData\Roaming\npm;C:\Users\murem\Downloads\apache-maven-3.9.15-bin\apache-maven-3.9.15\bin
USERNAME=murem
OS=Windows_NT
PROCESSOR_IDENTIFIER=AMD64 Family 25 Model 80 Stepping 0, AuthenticAMD
TMP=C:\Users\murem\AppData\Local\Temp
TEMP=C:\Users\murem\AppData\Local\Temp




Periodic native trim disabled

---------------  S Y S T E M  ---------------

OS:
 Windows 11 , 64 bit Build 26100 (10.0.26100.8521)
OS uptime: 1 days 0:12 hours
Hyper-V role detected

CPU: total 12 (initial active 12) (12 cores per cpu, 2 threads per core) family 25 model 80 stepping 0 microcode 0xa500014, cx8, cmov, fxsr, ht, mmx, 3dnowpref, sse, sse2, sse3, ssse3, sse4a, sse4.1, sse4.2, popcnt, lzcnt, tsc, tscinvbit, avx, avx2, aes, erms, clmul, bmi1, bmi2, adx, sha, fma, vzeroupper, clflush, clflushopt, hv, rdtscp, rdpid, fsrm, f16c, cet_ss
Processor Information for processor 0
  Max Mhz: 2301, Current Mhz: 1904, Mhz Limit: 2301
Processor Information for processor 1
  Max Mhz: 2301, Current Mhz: 1798, Mhz Limit: 2301
Processor Information for processor 2
  Max Mhz: 2301, Current Mhz: 1904, Mhz Limit: 2301
Processor Information for processor 3
  Max Mhz: 2301, Current Mhz: 1798, Mhz Limit: 2301
Processor Information for processor 4
  Max Mhz: 2301, Current Mhz: 1798, Mhz Limit: 2301
Processor Information for processor 5
  Max Mhz: 2301, Current Mhz: 1798, Mhz Limit: 2301
Processor Information for processor 6
  Max Mhz: 2301, Current Mhz: 1798, Mhz Limit: 2301
Processor Information for processor 7
  Max Mhz: 2301, Current Mhz: 1798, Mhz Limit: 2301
Processor Information for processor 8
  Max Mhz: 2301, Current Mhz: 1798, Mhz Limit: 2301
Processor Information for processor 9
  Max Mhz: 2301, Current Mhz: 1798, Mhz Limit: 2301
Processor Information for processor 10
  Max Mhz: 2301, Current Mhz: 1798, Mhz Limit: 2301
Processor Information for processor 11
  Max Mhz: 2301, Current Mhz: 1798, Mhz Limit: 2301

Memory: 4k page, system-wide physical 5989M (718M free)
TotalPageFile size 24421M (AvailPageFile size 0M)
current process WorkingSet (physical memory assigned to process): 66M, peak: 405M
current process commit charge ("private bytes"): 644M, peak: 671M

vm_info: OpenJDK 64-Bit Server VM (21.0.10+7-LTS) for windows-amd64 JRE (21.0.10+7-LTS), built on 2026-01-20T00:00:00Z by "admin" with MS VC++ 17.12 (VS2022)

END.
