#
# There is insufficient memory for the Java Runtime Environment to continue.
# Native memory allocation (malloc) failed to allocate 1048576 bytes. Error detail: AllocateHeap
# Possible reasons:
#   The system is out of physical RAM or swap space
#   This process is running with CompressedOops enabled, and the Java Heap may be blocking the growth of the native heap
# Possible solutions:
#   Reduce memory load on the system
#   Increase physical memory or swap space
#   Check if swap backing store is full
#   Decrease Java heap size (-Xmx/-Xms)
#   Decrease number of Java threads
#   Decrease Java thread stack sizes (-Xss)
#   Set larger code cache with -XX:ReservedCodeCacheSize=
#   JVM is running with Unscaled Compressed Oops mode in which the Java heap is
#     placed in the first 4GB address space. The Java Heap base address is the
#     maximum limit for the native heap growth. Please use -XX:HeapBaseMinAddress
#     to set the Java Heap base and to place the Java Heap above 4GB virtual address.
# This output file may be truncated or incomplete.
#
#  Out of Memory Error (allocation.cpp:44), pid=15356, tid=27344
#
# JRE version: OpenJDK Runtime Environment Temurin-21.0.10+7 (21.0.10+7) (build 21.0.10+7-LTS)
# Java VM: OpenJDK 64-Bit Server VM Temurin-21.0.10+7 (21.0.10+7-LTS, mixed mode, sharing, tiered, compressed oops, compressed class ptrs, parallel gc, windows-amd64)
# No core dump will be written. Minidumps are not enabled by default on client versions of Windows
#

---------------  S U M M A R Y ------------

Command Line: --add-modules=ALL-SYSTEM --add-opens=java.base/java.util=ALL-UNNAMED --add-opens=java.base/java.lang=ALL-UNNAMED --add-opens=java.base/sun.nio.fs=ALL-UNNAMED -Declipse.application=org.eclipse.jdt.ls.core.id1 -Dosgi.bundles.defaultStartLevel=4 -Declipse.product=org.eclipse.jdt.ls.core.product -Djava.import.generatesMetadataFilesAtProjectRoot=false -DDetectVMInstallationsJob.disabled=true -Dfile.encoding=utf8 -XX:+UseParallelGC -XX:GCTimeRatio=4 -XX:AdaptiveSizePolicyWeight=90 -Dsun.zip.disableMemoryMapping=true -Xmx2G -Xms100m -Xlog:disable -javaagent:c:\Users\murem\.vscode\extensions\redhat.java-1.54.0-win32-x64\lombok\lombok-1.18.39-4050.jar -XX:+HeapDumpOnOutOfMemoryError -XX:HeapDumpPath=c:\Users\murem\AppData\Roaming\Code\User\workspaceStorage\89c6106dec857782964cb352f9a3a463\redhat.java -Daether.dependencyCollector.impl=bf c:\Users\murem\.vscode\extensions\redhat.java-1.54.0-win32-x64\server\plugins\org.eclipse.equinox.launcher_1.7.100.v20251111-0406.jar -configuration c:\Users\murem\AppData\Roaming\Code\User\globalStorage\redhat.java\1.54.0\config_win -data c:\Users\murem\AppData\Roaming\Code\User\workspaceStorage\89c6106dec857782964cb352f9a3a463\redhat.java\jdt_ws --pipe=\\.\pipe\lsp-990141ce3fa1d043335479677e26708a-sock

Host: AMD Ryzen 5 5625U with Radeon Graphics         , 12 cores, 5G,  Windows 11 , 64 bit Build 26100 (10.0.26100.8521)
Time: Wed Jun 17 18:31:29 2026 South Africa Standard Time elapsed time: 33986.425486 seconds (0d 9h 26m 26s)

---------------  T H R E A D  ---------------

Current thread (0x0000014dc1e47b00):  JavaThread "Attach Listener" daemon [_thread_in_vm, id=27344, stack(0x0000003cdca00000,0x0000003cdcb00000) (1024K)]

Stack: [0x0000003cdca00000,0x0000003cdcb00000]
Native frames: (J=compiled Java code, j=interpreted, Vv=VM code, C=native code)
V  [jvm.dll+0x6d7a39]
V  [jvm.dll+0x8b4b26]
V  [jvm.dll+0x8b70de]
V  [jvm.dll+0x8b77c3]
V  [jvm.dll+0x284346]
V  [jvm.dll+0xc1277]
V  [jvm.dll+0x6d82e9]
V  [jvm.dll+0x1334a6]
V  [jvm.dll+0x3f857e]
V  [jvm.dll+0x85f59d]
V  [jvm.dll+0x6d626d]
C  [ucrtbase.dll+0x2cd30]
C  [KERNEL32.DLL+0x2e957]
C  [ntdll.dll+0x87c1c]


---------------  P R O C E S S  ---------------

Threads class SMR info:
_java_thread_list=0x0000014e1ae03080, length=40, elements={
0x0000014dc1d9df90, 0x0000014dc1e3f3f0, 0x0000014dc1e42880, 0x0000014dc1e45a50,
0x0000014dc1e47b00, 0x0000014dc1e4e290, 0x0000014dc1e54200, 0x0000014dc1e563f0,
0x0000014dc1e56f40, 0x0000014e1ada2aa0, 0x0000014e1af28570, 0x0000014e20934270,
0x0000014e2032b630, 0x0000014e1ae9d6a0, 0x0000014e203eb520, 0x0000014e200f30b0,
0x0000014e213d3660, 0x0000014e2026c990, 0x0000014e21b08ea0, 0x0000014e21b0c320,
0x0000014e22f17c40, 0x0000014e22f18ff0, 0x0000014e22f16f20, 0x0000014e22f16200,
0x0000014e22f16890, 0x0000014e22f15b70, 0x0000014e22f182d0, 0x0000014e22f175b0,
0x0000014e22f18960, 0x0000014e23196850, 0x0000014e231961c0, 0x0000014e23196ee0,
0x0000014e23195b30, 0x0000014e23197570, 0x0000014e23197c00, 0x0000014e23198290,
0x0000014e2e71ee40, 0x0000014e2e720880, 0x0000014e2e71d400, 0x0000014e2e7215a0
}

Java Threads: ( => current thread )
  0x0000014dc1d9df90 JavaThread "main"                              [_thread_blocked, id=24720, stack(0x0000003cdc300000,0x0000003cdc400000) (1024K)]
  0x0000014dc1e3f3f0 JavaThread "Reference Handler"          daemon [_thread_blocked, id=6788, stack(0x0000003cdc700000,0x0000003cdc800000) (1024K)]
  0x0000014dc1e42880 JavaThread "Finalizer"                  daemon [_thread_blocked, id=9724, stack(0x0000003cdc800000,0x0000003cdc900000) (1024K)]
  0x0000014dc1e45a50 JavaThread "Signal Dispatcher"          daemon [_thread_blocked, id=25016, stack(0x0000003cdc900000,0x0000003cdca00000) (1024K)]
=>0x0000014dc1e47b00 JavaThread "Attach Listener"            daemon [_thread_in_vm, id=27344, stack(0x0000003cdca00000,0x0000003cdcb00000) (1024K)]
  0x0000014dc1e4e290 JavaThread "Service Thread"             daemon [_thread_blocked, id=12332, stack(0x0000003cdcb00000,0x0000003cdcc00000) (1024K)]
  0x0000014dc1e54200 JavaThread "Monitor Deflation Thread"   daemon [_thread_blocked, id=7660, stack(0x0000003cdcc00000,0x0000003cdcd00000) (1024K)]
  0x0000014dc1e563f0 JavaThread "C2 CompilerThread0"         daemon [_thread_blocked, id=24328, stack(0x0000003cdcd00000,0x0000003cdce00000) (1024K)]
  0x0000014dc1e56f40 JavaThread "C1 CompilerThread0"         daemon [_thread_blocked, id=26196, stack(0x0000003cdce00000,0x0000003cdcf00000) (1024K)]
  0x0000014e1ada2aa0 JavaThread "Common-Cleaner"             daemon [_thread_blocked, id=23236, stack(0x0000003cdcf00000,0x0000003cdd000000) (1024K)]
  0x0000014e1af28570 JavaThread "Notification Thread"        daemon [_thread_blocked, id=24960, stack(0x0000003cdd000000,0x0000003cdd100000) (1024K)]
  0x0000014e20934270 JavaThread "Active Thread: Equinox Container: b7e2007f-b8a0-4b55-b0ed-844d7f09f8b6"        [_thread_blocked, id=9688, stack(0x0000003cdd800000,0x0000003cdd900000) (1024K)]
  0x0000014e2032b630 JavaThread "Refresh Thread: Equinox Container: b7e2007f-b8a0-4b55-b0ed-844d7f09f8b6" daemon [_thread_blocked, id=25076, stack(0x0000003cdda00000,0x0000003cddb00000) (1024K)]
  0x0000014e1ae9d6a0 JavaThread "Framework Event Dispatcher: Equinox Container: b7e2007f-b8a0-4b55-b0ed-844d7f09f8b6" daemon [_thread_blocked, id=24056, stack(0x0000003cddb00000,0x0000003cddc00000) (1024K)]
  0x0000014e203eb520 JavaThread "Start Level: Equinox Container: b7e2007f-b8a0-4b55-b0ed-844d7f09f8b6" daemon [_thread_blocked, id=21876, stack(0x0000003cdd900000,0x0000003cdda00000) (1024K)]
  0x0000014e200f30b0 JavaThread "Bundle File Closer"         daemon [_thread_blocked, id=16732, stack(0x0000003cddf00000,0x0000003cde000000) (1024K)]
  0x0000014e213d3660 JavaThread "SCR Component Actor"        daemon [_thread_blocked, id=27544, stack(0x0000003cde000000,0x0000003cde100000) (1024K)]
  0x0000014e2026c990 JavaThread "Worker-JM"                         [_thread_blocked, id=1156, stack(0x0000003cde200000,0x0000003cde300000) (1024K)]
  0x0000014e21b08ea0 JavaThread "JNA Cleaner"                daemon [_thread_blocked, id=16744, stack(0x0000003cddc00000,0x0000003cddd00000) (1024K)]
  0x0000014e21b0c320 JavaThread "Java indexing"              daemon [_thread_blocked, id=27560, stack(0x0000003cde700000,0x0000003cde800000) (1024K)]
  0x0000014e22f17c40 JavaThread "Thread-1"                   daemon [_thread_in_native, id=25652, stack(0x0000003cdec00000,0x0000003cded00000) (1024K)]
  0x0000014e22f18ff0 JavaThread "Thread-2"                   daemon [_thread_in_native, id=17760, stack(0x0000003cded00000,0x0000003cdee00000) (1024K)]
  0x0000014e22f16f20 JavaThread "Thread-3"                   daemon [_thread_in_native, id=15848, stack(0x0000003cdee00000,0x0000003cdef00000) (1024K)]
  0x0000014e22f16200 JavaThread "Thread-4"                   daemon [_thread_in_native, id=26940, stack(0x0000003cdef00000,0x0000003cdf000000) (1024K)]
  0x0000014e22f16890 JavaThread "Thread-5"                   daemon [_thread_in_native, id=27048, stack(0x0000003cdf000000,0x0000003cdf100000) (1024K)]
  0x0000014e22f15b70 JavaThread "Thread-6"                   daemon [_thread_in_native, id=5544, stack(0x0000003cdf100000,0x0000003cdf200000) (1024K)]
  0x0000014e22f182d0 JavaThread "Thread-7"                   daemon [_thread_in_native, id=10760, stack(0x0000003cdf200000,0x0000003cdf300000) (1024K)]
  0x0000014e22f175b0 JavaThread "Thread-8"                   daemon [_thread_in_native, id=3408, stack(0x0000003cdf300000,0x0000003cdf400000) (1024K)]
  0x0000014e22f18960 JavaThread "Thread-9"                   daemon [_thread_in_native, id=6712, stack(0x0000003cdf400000,0x0000003cdf500000) (1024K)]
  0x0000014e23196850 JavaThread "Thread-10"                  daemon [_thread_in_native, id=5380, stack(0x0000003cdf500000,0x0000003cdf600000) (1024K)]
  0x0000014e231961c0 JavaThread "Thread-11"                  daemon [_thread_in_native, id=27292, stack(0x0000003cdf600000,0x0000003cdf700000) (1024K)]
  0x0000014e23196ee0 JavaThread "Thread-12"                  daemon [_thread_in_native, id=24908, stack(0x0000003cdf700000,0x0000003cdf800000) (1024K)]
  0x0000014e23195b30 JavaThread "Thread-13"                  daemon [_thread_in_native, id=17480, stack(0x0000003cdf800000,0x0000003cdf900000) (1024K)]
  0x0000014e23197570 JavaThread "pool-2-thread-1"                   [_thread_blocked, id=7468, stack(0x0000003cdf900000,0x0000003cdfa00000) (1024K)]
  0x0000014e23197c00 JavaThread "WorkspaceEventsHandler"            [_thread_blocked, id=24904, stack(0x0000003cdfa00000,0x0000003cdfb00000) (1024K)]
  0x0000014e23198290 JavaThread "pool-1-thread-1"                   [_thread_blocked, id=26516, stack(0x0000003cdfb00000,0x0000003cdfc00000) (1024K)]
  0x0000014e2e71ee40 JavaThread "Worker-7"                          [_thread_blocked, id=3488, stack(0x0000003cdc100000,0x0000003cdc200000) (1024K)]
  0x0000014e2e720880 JavaThread "Worker-8"                          [_thread_blocked, id=16108, stack(0x0000003cdc200000,0x0000003cdc300000) (1024K)]
  0x0000014e2e71d400 JavaThread "Cleaner-0"                  daemon [_thread_blocked, id=19672, stack(0x0000003cde100000,0x0000003cde200000) (1024K)]
  0x0000014e2e7215a0 JavaThread "HttpClient-1-SelectorManager" daemon [_thread_in_native, id=16868, stack(0x0000003cdc000000,0x0000003cdc100000) (1024K)]
Total: 40

Other Threads:
  0x0000014dc1e3ec10 VMThread "VM Thread"                           [id=22348, stack(0x0000003cdc600000,0x0000003cdc700000) (1024K)]
  0x0000014dd872ca10 WatcherThread "VM Periodic Task Thread"        [id=22448, stack(0x0000003cdc500000,0x0000003cdc600000) (1024K)]
  0x0000014dc1dbd580 WorkerThread "GC Thread#0"                     [id=15844, stack(0x0000003cdc400000,0x0000003cdc500000) (1024K)]
  0x0000014e1af706d0 WorkerThread "GC Thread#1"                     [id=21952, stack(0x0000003cdd200000,0x0000003cdd300000) (1024K)]
  0x0000014e1af70a80 WorkerThread "GC Thread#2"                     [id=3268, stack(0x0000003cdd300000,0x0000003cdd400000) (1024K)]
  0x0000014e204b8320 WorkerThread "GC Thread#3"                     [id=9772, stack(0x0000003cdd400000,0x0000003cdd500000) (1024K)]
  0x0000014e204b8ad0 WorkerThread "GC Thread#4"                     [id=2960, stack(0x0000003cdd500000,0x0000003cdd600000) (1024K)]
  0x0000014e1afa7970 WorkerThread "GC Thread#5"                     [id=7352, stack(0x0000003cdd600000,0x0000003cdd700000) (1024K)]
  0x0000014e1afa7d20 WorkerThread "GC Thread#6"                     [id=25728, stack(0x0000003cdd700000,0x0000003cdd800000) (1024K)]
  0x0000014dc1e5e970 WorkerThread "GC Thread#7"                     [id=25492, stack(0x0000003cdd100000,0x0000003cdd200000) (1024K)]
  0x0000014e20b216c0 WorkerThread "GC Thread#8"                     [id=9632, stack(0x0000003cddd00000,0x0000003cdde00000) (1024K)]
  0x0000014e20b21a70 WorkerThread "GC Thread#9"                     [id=14264, stack(0x0000003cdde00000,0x0000003cddf00000) (1024K)]
Total: 12

Threads with active compile tasks:
Total: 0

VM state: not at safepoint (normal execution)

VM Mutex/Monitor currently owned by a thread: None

Heap address: 0x0000000080000000, size: 2048 MB, Compressed Oops mode: 32-bit

CDS archive(s) mapped at: [0x0000014dd9000000-0x0000014dd9ba0000-0x0000014dd9ba0000), size 12189696, SharedBaseAddress: 0x0000014dd9000000, ArchiveRelocationMode: 1.
Compressed class space mapped at: 0x0000014dda000000-0x0000014e1a000000, reserved size: 1073741824
Narrow klass base: 0x0000014dd9000000, Narrow klass shift: 0, Narrow klass range: 0x100000000

GC Precious Log:
 CardTable entry size: 512
 CPUs: 12 total, 12 available
 Memory: 5989M
 Large Page Support: Disabled
 NUMA Support: Disabled
 Compressed Oops: Enabled (32-bit)
 Alignments: Space 512K, Generation 512K, Heap 2M
 Heap Min Capacity: 100M
 Heap Initial Capacity: 100M
 Heap Max Capacity: 2G
 Pre-touch: Disabled
 Parallel Workers: 10

Heap:
 PSYoungGen      total 3584K, used 1578K [0x00000000d5580000, 0x00000000d5e00000, 0x0000000100000000)
  eden space 3072K, 39% used [0x00000000d5580000,0x00000000d56b2a78,0x00000000d5880000)
  from space 512K, 68% used [0x00000000d5d00000,0x00000000d5d58000,0x00000000d5d80000)
  to   space 512K, 0% used [0x00000000d5d80000,0x00000000d5d80000,0x00000000d5e00000)
 ParOldGen       total 212992K, used 212575K [0x0000000080000000, 0x000000008d000000, 0x00000000d5580000)
  object space 212992K, 99% used [0x0000000080000000,0x000000008cf97ee0,0x000000008d000000)
 Metaspace       used 83584K, committed 85440K, reserved 1179648K
  class space    used 8872K, committed 9664K, reserved 1048576K

Card table byte_map: [0x0000014dc1770000,0x0000014dc1b80000] _byte_map_base: 0x0000014dc1370000

Marking Bits: (ParMarkBitMap*) 0x00007ffefeee3450
 Begin Bits: [0x0000014dd4250000, 0x0000014dd6250000)
 End Bits:   [0x0000014dd6250000, 0x0000014dd8250000)

Polling page: 0x0000014dc1560000

Metaspace:

Usage:
  Non-class:     72.96 MB used.
      Class:      8.66 MB used.
       Both:     81.63 MB used.

Virtual space:
  Non-class space:      128.00 MB reserved,      74.00 MB ( 58%) committed,  2 nodes.
      Class space:        1.00 GB reserved,       9.44 MB ( <1%) committed,  1 nodes.
             Both:        1.12 GB reserved,      83.44 MB (  7%) committed. 

Chunk freelists:
   Non-Class:  6.05 MB
       Class:  6.51 MB
        Both:  12.56 MB

MaxMetaspaceSize: unlimited
CompressedClassSpaceSize: 1.00 GB
Initial GC threshold: 21.00 MB
Current GC threshold: 97.31 MB
CDS: on
 - commit_granule_bytes: 65536.
 - commit_granule_words: 8192.
 - virtual_space_node_default_size: 8388608.
 - enlarge_chunks_in_place: 1.
 - use_allocation_guard: 0.


Internal statistics:

num_allocs_failed_limit: 9.
num_arena_births: 1550.
num_arena_deaths: 14.
num_vsnodes_births: 3.
num_vsnodes_deaths: 0.
num_space_committed: 1335.
num_space_uncommitted: 0.
num_chunks_returned_to_freelist: 23.
num_chunks_taken_from_freelist: 5480.
num_chunk_merges: 15.
num_chunk_splits: 3340.
num_chunks_enlarged: 1868.
num_inconsistent_stats: 0.

CodeHeap 'non-profiled nmethods': size=120000Kb used=11242Kb max_used=11242Kb free=108757Kb
 bounds [0x0000014dcca70000, 0x0000014dcd570000, 0x0000014dd3fa0000]
CodeHeap 'profiled nmethods': size=120000Kb used=34815Kb max_used=34815Kb free=85184Kb
 bounds [0x0000014dc4fa0000, 0x0000014dc71a0000, 0x0000014dcc4d0000]
CodeHeap 'non-nmethods': size=5760Kb used=1516Kb max_used=1593Kb free=4243Kb
 bounds [0x0000014dcc4d0000, 0x0000014dcc740000, 0x0000014dcca70000]
CodeCache: size=245760Kb, used=47573Kb, max_used=47650Kb, free=198184Kb
 total_blobs=15726, nmethods=14890, adapters=741, full_count=0
Compilation: enabled, stopped_count=0, restarted_count=0

Compilation events (20 events):
Event: 28380.153 Thread 0x0000014dc1e56f40 15699   !   3       org.eclipse.osgi.storage.Storage::save (62 bytes)
Event: 28380.157 Thread 0x0000014dc1e56f40 nmethod 15699 0x0000014dc719dc10 code [0x0000014dc719de00, 0x0000014dc719e170]
Event: 28413.875 Thread 0x0000014dc1e56f40 15700       3       java.util.logging.Logger::getLogger (8 bytes)
Event: 28413.878 Thread 0x0000014dc1e56f40 nmethod 15700 0x0000014dc719e310 code [0x0000014dc719e4e0, 0x0000014dc719e6a0]
Event: 28413.878 Thread 0x0000014dc1e56f40 15701       3       java.util.logging.Logger::getLogger (7 bytes)
Event: 28413.878 Thread 0x0000014dc1e56f40 nmethod 15701 0x0000014dc719e790 code [0x0000014dc719e940, 0x0000014dc719ea68]
Event: 28413.878 Thread 0x0000014dc1e56f40 15702       3       java.util.logging.Logger::demandLogger (36 bytes)
Event: 28413.887 Thread 0x0000014dc1e56f40 nmethod 15702 0x0000014dc719eb10 code [0x0000014dc719eda0, 0x0000014dc719f850]
Event: 28421.986 Thread 0x0000014dc1e563f0 15703       4       java.util.AbstractMap::isEmpty (13 bytes)
Event: 28421.995 Thread 0x0000014dc1e563f0 nmethod 15703 0x0000014dcd568910 code [0x0000014dcd568aa0, 0x0000014dcd568b58]
Event: 28470.155 Thread 0x0000014dc1e563f0 15704       4       java.util.concurrent.ThreadPoolExecutor::afterExecute (1 bytes)
Event: 28470.157 Thread 0x0000014dc1e563f0 nmethod 15704 0x0000014dcd568c10 code [0x0000014dcd568da0, 0x0000014dcd568e28]
Event: 28942.255 Thread 0x0000014dc1e563f0 15705   !   4       sun.nio.ch.SelectorImpl::processDeregisterQueue (145 bytes)
Event: 28942.306 Thread 0x0000014dc1e563f0 nmethod 15705 0x0000014dcd568f10 code [0x0000014dcd5690c0, 0x0000014dcd569438]
Event: 28957.333 Thread 0x0000014dc1e563f0 15706   !   4       jdk.internal.net.http.HttpClientImpl::finished (58 bytes)
Event: 28957.362 Thread 0x0000014dc1e563f0 nmethod 15706 0x0000014dcd569690 code [0x0000014dcd569820, 0x0000014dcd569958]
Event: 28960.332 Thread 0x0000014dc1e563f0 15707   !   4       jdk.internal.net.http.HttpClientImpl::purgeTimeoutsAndReturnNextDeadline (326 bytes)
Event: 28960.359 Thread 0x0000014dc1e563f0 nmethod 15707 0x0000014dcd569b10 code [0x0000014dcd569ca0, 0x0000014dcd569f00]
Event: 29730.509 Thread 0x0000014dc1e563f0 15708       4       org.eclipse.osgi.container.ModuleDatabase::readLock (11 bytes)
Event: 29730.569 Thread 0x0000014dc1e563f0 nmethod 15708 0x0000014dcd56a090 code [0x0000014dcd56a260, 0x0000014dcd56a5d8]

GC Heap History (20 events):
Event: 215.436 GC heap before
{Heap before GC invocations=165 (full 3):
 PSYoungGen      total 5632K, used 5607K [0x00000000d5580000, 0x00000000d6380000, 0x0000000100000000)
  eden space 3072K, 100% used [0x00000000d5580000,0x00000000d5880000,0x00000000d5880000)
  from space 2560K, 99% used [0x00000000d5900000,0x00000000d5b79cb8,0x00000000d5b80000)
  to   space 5632K, 0% used [0x00000000d5e00000,0x00000000d5e00000,0x00000000d6380000)
 ParOldGen       total 205824K, used 205559K [0x0000000080000000, 0x000000008c900000, 0x00000000d5580000)
  object space 205824K, 99% used [0x0000000080000000,0x000000008c8bdcc0,0x000000008c900000)
 Metaspace       used 80982K, committed 82752K, reserved 1179648K
  class space    used 8534K, committed 9344K, reserved 1048576K
}
Event: 215.442 GC heap after
{Heap after GC invocations=165 (full 3):
 PSYoungGen      total 4608K, used 1152K [0x00000000d5580000, 0x00000000d5f80000, 0x0000000100000000)
  eden space 3072K, 0% used [0x00000000d5580000,0x00000000d5580000,0x00000000d5880000)
  from space 1536K, 75% used [0x00000000d5e00000,0x00000000d5f20020,0x00000000d5f80000)
  to   space 2560K, 0% used [0x00000000d5a80000,0x00000000d5a80000,0x00000000d5d00000)
 ParOldGen       total 208384K, used 208058K [0x0000000080000000, 0x000000008cb80000, 0x00000000d5580000)
  object space 208384K, 99% used [0x0000000080000000,0x000000008cb2e870,0x000000008cb80000)
 Metaspace       used 80982K, committed 82752K, reserved 1179648K
  class space    used 8534K, committed 9344K, reserved 1048576K
}
Event: 215.497 GC heap before
{Heap before GC invocations=166 (full 3):
 PSYoungGen      total 4608K, used 4224K [0x00000000d5580000, 0x00000000d5f80000, 0x0000000100000000)
  eden space 3072K, 100% used [0x00000000d5580000,0x00000000d5880000,0x00000000d5880000)
  from space 1536K, 75% used [0x00000000d5e00000,0x00000000d5f20020,0x00000000d5f80000)
  to   space 2560K, 0% used [0x00000000d5a80000,0x00000000d5a80000,0x00000000d5d00000)
 ParOldGen       total 208384K, used 208058K [0x0000000080000000, 0x000000008cb80000, 0x00000000d5580000)
  object space 208384K, 99% used [0x0000000080000000,0x000000008cb2e870,0x000000008cb80000)
 Metaspace       used 80998K, committed 82752K, reserved 1179648K
  class space    used 8534K, committed 9344K, reserved 1048576K
}
Event: 215.500 GC heap after
{Heap after GC invocations=166 (full 3):
 PSYoungGen      total 5632K, used 416K [0x00000000d5580000, 0x00000000d5e80000, 0x0000000100000000)
  eden space 3072K, 0% used [0x00000000d5580000,0x00000000d5580000,0x00000000d5880000)
  from space 2560K, 16% used [0x00000000d5a80000,0x00000000d5ae8000,0x00000000d5d00000)
  to   space 1024K, 0% used [0x00000000d5d80000,0x00000000d5d80000,0x00000000d5e80000)
 ParOldGen       total 209408K, used 209106K [0x0000000080000000, 0x000000008cc80000, 0x00000000d5580000)
  object space 209408K, 99% used [0x0000000080000000,0x000000008cc34890,0x000000008cc80000)
 Metaspace       used 80998K, committed 82752K, reserved 1179648K
  class space    used 8534K, committed 9344K, reserved 1048576K
}
Event: 215.653 GC heap before
{Heap before GC invocations=167 (full 3):
 PSYoungGen      total 5632K, used 3488K [0x00000000d5580000, 0x00000000d5e80000, 0x0000000100000000)
  eden space 3072K, 100% used [0x00000000d5580000,0x00000000d5880000,0x00000000d5880000)
  from space 2560K, 16% used [0x00000000d5a80000,0x00000000d5ae8000,0x00000000d5d00000)
  to   space 1024K, 0% used [0x00000000d5d80000,0x00000000d5d80000,0x00000000d5e80000)
 ParOldGen       total 209408K, used 209106K [0x0000000080000000, 0x000000008cc80000, 0x00000000d5580000)
  object space 209408K, 99% used [0x0000000080000000,0x000000008cc34890,0x000000008cc80000)
 Metaspace       used 81495K, committed 83328K, reserved 1179648K
  class space    used 8605K, committed 9408K, reserved 1048576K
}
Event: 215.656 GC heap after
{Heap after GC invocations=167 (full 3):
 PSYoungGen      total 3584K, used 256K [0x00000000d5580000, 0x00000000d5e00000, 0x0000000100000000)
  eden space 3072K, 0% used [0x00000000d5580000,0x00000000d5580000,0x00000000d5880000)
  from space 512K, 50% used [0x00000000d5d80000,0x00000000d5dc0000,0x00000000d5e00000)
  to   space 512K, 0% used [0x00000000d5d00000,0x00000000d5d00000,0x00000000d5d80000)
 ParOldGen       total 209408K, used 209401K [0x0000000080000000, 0x000000008cc80000, 0x00000000d5580000)
  object space 209408K, 99% used [0x0000000080000000,0x000000008cc7e528,0x000000008cc80000)
 Metaspace       used 81495K, committed 83328K, reserved 1179648K
  class space    used 8605K, committed 9408K, reserved 1048576K
}
Event: 215.804 GC heap before
{Heap before GC invocations=168 (full 3):
 PSYoungGen      total 3584K, used 3328K [0x00000000d5580000, 0x00000000d5e00000, 0x0000000100000000)
  eden space 3072K, 100% used [0x00000000d5580000,0x00000000d5880000,0x00000000d5880000)
  from space 512K, 50% used [0x00000000d5d80000,0x00000000d5dc0000,0x00000000d5e00000)
  to   space 512K, 0% used [0x00000000d5d00000,0x00000000d5d00000,0x00000000d5d80000)
 ParOldGen       total 209408K, used 209401K [0x0000000080000000, 0x000000008cc80000, 0x00000000d5580000)
  object space 209408K, 99% used [0x0000000080000000,0x000000008cc7e528,0x000000008cc80000)
 Metaspace       used 82104K, committed 83904K, reserved 1179648K
  class space    used 8669K, committed 9472K, reserved 1048576K
}
Event: 215.806 GC heap after
{Heap after GC invocations=168 (full 3):
 PSYoungGen      total 3584K, used 288K [0x00000000d5580000, 0x00000000d5e00000, 0x0000000100000000)
  eden space 3072K, 0% used [0x00000000d5580000,0x00000000d5580000,0x00000000d5880000)
  from space 512K, 56% used [0x00000000d5d00000,0x00000000d5d48000,0x00000000d5d80000)
  to   space 512K, 0% used [0x00000000d5d80000,0x00000000d5d80000,0x00000000d5e00000)
 ParOldGen       total 209920K, used 209513K [0x0000000080000000, 0x000000008cd00000, 0x00000000d5580000)
  object space 209920K, 99% used [0x0000000080000000,0x000000008cc9a528,0x000000008cd00000)
 Metaspace       used 82104K, committed 83904K, reserved 1179648K
  class space    used 8669K, committed 9472K, reserved 1048576K
}
Event: 216.453 GC heap before
{Heap before GC invocations=169 (full 3):
 PSYoungGen      total 3584K, used 3360K [0x00000000d5580000, 0x00000000d5e00000, 0x0000000100000000)
  eden space 3072K, 100% used [0x00000000d5580000,0x00000000d5880000,0x00000000d5880000)
  from space 512K, 56% used [0x00000000d5d00000,0x00000000d5d48000,0x00000000d5d80000)
  to   space 512K, 0% used [0x00000000d5d80000,0x00000000d5d80000,0x00000000d5e00000)
 ParOldGen       total 209920K, used 209513K [0x0000000080000000, 0x000000008cd00000, 0x00000000d5580000)
  object space 209920K, 99% used [0x0000000080000000,0x000000008cc9a528,0x000000008cd00000)
 Metaspace       used 82554K, committed 84352K, reserved 1179648K
  class space    used 8749K, committed 9536K, reserved 1048576K
}
Event: 216.456 GC heap after
{Heap after GC invocations=169 (full 3):
 PSYoungGen      total 3584K, used 336K [0x00000000d5580000, 0x00000000d5e00000, 0x0000000100000000)
  eden space 3072K, 0% used [0x00000000d5580000,0x00000000d5580000,0x00000000d5880000)
  from space 512K, 65% used [0x00000000d5d80000,0x00000000d5dd4158,0x00000000d5e00000)
  to   space 512K, 0% used [0x00000000d5d00000,0x00000000d5d00000,0x00000000d5d80000)
 ParOldGen       total 209920K, used 209633K [0x0000000080000000, 0x000000008cd00000, 0x00000000d5580000)
  object space 209920K, 99% used [0x0000000080000000,0x000000008ccb8528,0x000000008cd00000)
 Metaspace       used 82554K, committed 84352K, reserved 1179648K
  class space    used 8749K, committed 9536K, reserved 1048576K
}
Event: 216.503 GC heap before
{Heap before GC invocations=170 (full 3):
 PSYoungGen      total 3584K, used 3408K [0x00000000d5580000, 0x00000000d5e00000, 0x0000000100000000)
  eden space 3072K, 100% used [0x00000000d5580000,0x00000000d5880000,0x00000000d5880000)
  from space 512K, 65% used [0x00000000d5d80000,0x00000000d5dd4158,0x00000000d5e00000)
  to   space 512K, 0% used [0x00000000d5d00000,0x00000000d5d00000,0x00000000d5d80000)
 ParOldGen       total 209920K, used 209633K [0x0000000080000000, 0x000000008cd00000, 0x00000000d5580000)
  object space 209920K, 99% used [0x0000000080000000,0x000000008ccb8528,0x000000008cd00000)
 Metaspace       used 82632K, committed 84480K, reserved 1179648K
  class space    used 8758K, committed 9600K, reserved 1048576K
}
Event: 216.507 GC heap after
{Heap after GC invocations=170 (full 3):
 PSYoungGen      total 3584K, used 439K [0x00000000d5580000, 0x00000000d5e00000, 0x0000000100000000)
  eden space 3072K, 0% used [0x00000000d5580000,0x00000000d5580000,0x00000000d5880000)
  from space 512K, 85% used [0x00000000d5d00000,0x00000000d5d6dca8,0x00000000d5d80000)
  to   space 512K, 0% used [0x00000000d5d80000,0x00000000d5d80000,0x00000000d5e00000)
 ParOldGen       total 211968K, used 211563K [0x0000000080000000, 0x000000008cf00000, 0x00000000d5580000)
  object space 211968K, 99% used [0x0000000080000000,0x000000008ce9ace0,0x000000008cf00000)
 Metaspace       used 82632K, committed 84480K, reserved 1179648K
  class space    used 8758K, committed 9600K, reserved 1048576K
}
Event: 216.598 GC heap before
{Heap before GC invocations=171 (full 3):
 PSYoungGen      total 3584K, used 3511K [0x00000000d5580000, 0x00000000d5e00000, 0x0000000100000000)
  eden space 3072K, 100% used [0x00000000d5580000,0x00000000d5880000,0x00000000d5880000)
  from space 512K, 85% used [0x00000000d5d00000,0x00000000d5d6dca8,0x00000000d5d80000)
  to   space 512K, 0% used [0x00000000d5d80000,0x00000000d5d80000,0x00000000d5e00000)
 ParOldGen       total 211968K, used 211563K [0x0000000080000000, 0x000000008cf00000, 0x00000000d5580000)
  object space 211968K, 99% used [0x0000000080000000,0x000000008ce9ace0,0x000000008cf00000)
 Metaspace       used 82913K, committed 84736K, reserved 1179648K
  class space    used 8796K, committed 9600K, reserved 1048576K
}
Event: 216.600 GC heap after
{Heap after GC invocations=171 (full 3):
 PSYoungGen      total 3584K, used 288K [0x00000000d5580000, 0x00000000d5e00000, 0x0000000100000000)
  eden space 3072K, 0% used [0x00000000d5580000,0x00000000d5580000,0x00000000d5880000)
  from space 512K, 56% used [0x00000000d5d80000,0x00000000d5dc8000,0x00000000d5e00000)
  to   space 512K, 0% used [0x00000000d5d00000,0x00000000d5d00000,0x00000000d5d80000)
 ParOldGen       total 211968K, used 211635K [0x0000000080000000, 0x000000008cf00000, 0x00000000d5580000)
  object space 211968K, 99% used [0x0000000080000000,0x000000008ceacce0,0x000000008cf00000)
 Metaspace       used 82913K, committed 84736K, reserved 1179648K
  class space    used 8796K, committed 9600K, reserved 1048576K
}
Event: 217.697 GC heap before
{Heap before GC invocations=172 (full 3):
 PSYoungGen      total 3584K, used 3360K [0x00000000d5580000, 0x00000000d5e00000, 0x0000000100000000)
  eden space 3072K, 100% used [0x00000000d5580000,0x00000000d5880000,0x00000000d5880000)
  from space 512K, 56% used [0x00000000d5d80000,0x00000000d5dc8000,0x00000000d5e00000)
  to   space 512K, 0% used [0x00000000d5d00000,0x00000000d5d00000,0x00000000d5d80000)
 ParOldGen       total 211968K, used 211635K [0x0000000080000000, 0x000000008cf00000, 0x00000000d5580000)
  object space 211968K, 99% used [0x0000000080000000,0x000000008ceacce0,0x000000008cf00000)
 Metaspace       used 83201K, committed 85056K, reserved 1179648K
  class space    used 8842K, committed 9664K, reserved 1048576K
}
Event: 217.699 GC heap after
{Heap after GC invocations=172 (full 3):
 PSYoungGen      total 3584K, used 506K [0x00000000d5580000, 0x00000000d5e00000, 0x0000000100000000)
  eden space 3072K, 0% used [0x00000000d5580000,0x00000000d5580000,0x00000000d5880000)
  from space 512K, 98% used [0x00000000d5d00000,0x00000000d5d7e900,0x00000000d5d80000)
  to   space 512K, 0% used [0x00000000d5d80000,0x00000000d5d80000,0x00000000d5e00000)
 ParOldGen       total 211968K, used 211811K [0x0000000080000000, 0x000000008cf00000, 0x00000000d5580000)
  object space 211968K, 99% used [0x0000000080000000,0x000000008ced8ce0,0x000000008cf00000)
 Metaspace       used 83201K, committed 85056K, reserved 1179648K
  class space    used 8842K, committed 9664K, reserved 1048576K
}
Event: 217.731 GC heap before
{Heap before GC invocations=173 (full 3):
 PSYoungGen      total 3584K, used 3578K [0x00000000d5580000, 0x00000000d5e00000, 0x0000000100000000)
  eden space 3072K, 100% used [0x00000000d5580000,0x00000000d5880000,0x00000000d5880000)
  from space 512K, 98% used [0x00000000d5d00000,0x00000000d5d7e900,0x00000000d5d80000)
  to   space 512K, 0% used [0x00000000d5d80000,0x00000000d5d80000,0x00000000d5e00000)
 ParOldGen       total 211968K, used 211811K [0x0000000080000000, 0x000000008cf00000, 0x00000000d5580000)
  object space 211968K, 99% used [0x0000000080000000,0x000000008ced8ce0,0x000000008cf00000)
 Metaspace       used 83201K, committed 85056K, reserved 1179648K
  class space    used 8842K, committed 9664K, reserved 1048576K
}
Event: 217.733 GC heap after
{Heap after GC invocations=173 (full 3):
 PSYoungGen      total 3584K, used 384K [0x00000000d5580000, 0x00000000d5e00000, 0x0000000100000000)
  eden space 3072K, 0% used [0x00000000d5580000,0x00000000d5580000,0x00000000d5880000)
  from space 512K, 75% used [0x00000000d5d80000,0x00000000d5de0000,0x00000000d5e00000)
  to   space 512K, 0% used [0x00000000d5d00000,0x00000000d5d00000,0x00000000d5d80000)
 ParOldGen       total 212480K, used 212287K [0x0000000080000000, 0x000000008cf80000, 0x00000000d5580000)
  object space 212480K, 99% used [0x0000000080000000,0x000000008cf4fee0,0x000000008cf80000)
 Metaspace       used 83201K, committed 85056K, reserved 1179648K
  class space    used 8842K, committed 9664K, reserved 1048576K
}
Event: 356.471 GC heap before
{Heap before GC invocations=174 (full 3):
 PSYoungGen      total 3584K, used 3454K [0x00000000d5580000, 0x00000000d5e00000, 0x0000000100000000)
  eden space 3072K, 99% used [0x00000000d5580000,0x00000000d587f9a0,0x00000000d5880000)
  from space 512K, 75% used [0x00000000d5d80000,0x00000000d5de0000,0x00000000d5e00000)
  to   space 512K, 0% used [0x00000000d5d00000,0x00000000d5d00000,0x00000000d5d80000)
 ParOldGen       total 212480K, used 212287K [0x0000000080000000, 0x000000008cf80000, 0x00000000d5580000)
  object space 212480K, 99% used [0x0000000080000000,0x000000008cf4fee0,0x000000008cf80000)
 Metaspace       used 83478K, committed 85312K, reserved 1179648K
  class space    used 8867K, committed 9664K, reserved 1048576K
}
Event: 356.477 GC heap after
{Heap after GC invocations=174 (full 3):
 PSYoungGen      total 3584K, used 352K [0x00000000d5580000, 0x00000000d5e00000, 0x0000000100000000)
  eden space 3072K, 0% used [0x00000000d5580000,0x00000000d5580000,0x00000000d5880000)
  from space 512K, 68% used [0x00000000d5d00000,0x00000000d5d58000,0x00000000d5d80000)
  to   space 512K, 0% used [0x00000000d5d80000,0x00000000d5d80000,0x00000000d5e00000)
 ParOldGen       total 212992K, used 212575K [0x0000000080000000, 0x000000008d000000, 0x00000000d5580000)
  object space 212992K, 99% used [0x0000000080000000,0x000000008cf97ee0,0x000000008d000000)
 Metaspace       used 83478K, committed 85312K, reserved 1179648K
  class space    used 8867K, committed 9664K, reserved 1048576K
}

Dll operation events (12 events):
Event: 0.022 Loaded shared library c:\Users\murem\.vscode\extensions\redhat.java-1.54.0-win32-x64\jre\21.0.10-win32-x86_64\bin\java.dll
Event: 0.168 Loaded shared library c:\Users\murem\.vscode\extensions\redhat.java-1.54.0-win32-x64\jre\21.0.10-win32-x86_64\bin\zip.dll
Event: 0.207 Loaded shared library C:\Users\murem\.vscode\extensions\redhat.java-1.54.0-win32-x64\jre\21.0.10-win32-x86_64\bin\instrument.dll
Event: 0.217 Loaded shared library C:\Users\murem\.vscode\extensions\redhat.java-1.54.0-win32-x64\jre\21.0.10-win32-x86_64\bin\net.dll
Event: 0.221 Loaded shared library C:\Users\murem\.vscode\extensions\redhat.java-1.54.0-win32-x64\jre\21.0.10-win32-x86_64\bin\nio.dll
Event: 0.229 Loaded shared library C:\Users\murem\.vscode\extensions\redhat.java-1.54.0-win32-x64\jre\21.0.10-win32-x86_64\bin\zip.dll
Event: 0.264 Loaded shared library C:\Users\murem\.vscode\extensions\redhat.java-1.54.0-win32-x64\jre\21.0.10-win32-x86_64\bin\jimage.dll
Event: 0.516 Loaded shared library c:\Users\murem\.vscode\extensions\redhat.java-1.54.0-win32-x64\jre\21.0.10-win32-x86_64\bin\verify.dll
Event: 17.090 Loaded shared library C:\Users\murem\AppData\Roaming\Code\User\globalStorage\redhat.java\1.54.0\config_win\org.eclipse.equinox.launcher\org.eclipse.equinox.launcher.win32.win32.x86_64_1.3.0.v20260203-2149\eclipse_11919.dll
Event: 34.717 Loaded shared library C:\Users\murem\AppData\Local\Temp\jna-104262130\jna18441425975186222711.dll
Event: 46.907 Loaded shared library C:\Users\murem\.vscode\extensions\redhat.java-1.54.0-win32-x64\jre\21.0.10-win32-x86_64\bin\extnet.dll
Event: 47.066 Loaded shared library C:\Users\murem\.vscode\extensions\redhat.java-1.54.0-win32-x64\jre\21.0.10-win32-x86_64\bin\sunmscapi.dll

Deoptimization events (20 events):
Event: 356.490 Thread 0x0000014e2e71ee40 Uncommon trap: trap_request=0xffffffc6 fr.pc=0x0000014dcd312238 relative=0x0000000000001018
Event: 356.490 Thread 0x0000014e2e71ee40 Uncommon trap: reason=bimorphic_or_optimized_type_check action=maybe_recompile pc=0x0000014dcd312238 method=java.io.DataOutputStream.write([BII)V @ 7 c2
Event: 356.490 Thread 0x0000014e2e71ee40 DEOPT PACKING pc=0x0000014dcd312238 sp=0x0000003cdc1feca0
Event: 356.490 Thread 0x0000014e2e71ee40 DEOPT UNPACKING pc=0x0000014dcc523aa2 sp=0x0000003cdc1febe0 mode 2
Event: 356.490 Thread 0x0000014e2e71ee40 Uncommon trap: trap_request=0xffffffc6 fr.pc=0x0000014dccc45e7c relative=0x00000000000009fc
Event: 356.490 Thread 0x0000014e2e71ee40 Uncommon trap: reason=bimorphic_or_optimized_type_check action=maybe_recompile pc=0x0000014dccc45e7c method=java.io.DataOutputStream.writeInt(I)V @ 19 c2
Event: 356.490 Thread 0x0000014e2e71ee40 DEOPT PACKING pc=0x0000014dccc45e7c sp=0x0000003cdc1fe6d0
Event: 356.490 Thread 0x0000014e2e71ee40 DEOPT UNPACKING pc=0x0000014dcc523aa2 sp=0x0000003cdc1fe6c8 mode 2
Event: 356.490 Thread 0x0000014e2e71ee40 Uncommon trap: trap_request=0xffffffc6 fr.pc=0x0000014dccc45e7c relative=0x00000000000009fc
Event: 356.490 Thread 0x0000014e2e71ee40 Uncommon trap: reason=bimorphic_or_optimized_type_check action=maybe_recompile pc=0x0000014dccc45e7c method=java.io.DataOutputStream.writeInt(I)V @ 19 c2
Event: 356.490 Thread 0x0000014e2e71ee40 DEOPT PACKING pc=0x0000014dccc45e7c sp=0x0000003cdc1fe670
Event: 356.490 Thread 0x0000014e2e71ee40 DEOPT UNPACKING pc=0x0000014dcc523aa2 sp=0x0000003cdc1fe668 mode 2
Event: 356.491 Thread 0x0000014e2e71ee40 Uncommon trap: trap_request=0xffffffc6 fr.pc=0x0000014dccc48278 relative=0x0000000000001118
Event: 356.491 Thread 0x0000014e2e71ee40 Uncommon trap: reason=bimorphic_or_optimized_type_check action=maybe_recompile pc=0x0000014dccc48278 method=java.io.DataOutputStream.write([BII)V @ 7 c2
Event: 356.491 Thread 0x0000014e2e71ee40 DEOPT PACKING pc=0x0000014dccc48278 sp=0x0000003cdc1fe830
Event: 356.491 Thread 0x0000014e2e71ee40 DEOPT UNPACKING pc=0x0000014dcc523aa2 sp=0x0000003cdc1fe790 mode 2
Event: 356.515 Thread 0x0000014e2e71ee40 Uncommon trap: trap_request=0xffffff45 fr.pc=0x0000014dcceb6760 relative=0x00000000000007e0
Event: 356.515 Thread 0x0000014e2e71ee40 Uncommon trap: reason=unstable_if action=reinterpret pc=0x0000014dcceb6760 method=java.io.InputStream.read([BII)I @ 52 c2
Event: 356.515 Thread 0x0000014e2e71ee40 DEOPT PACKING pc=0x0000014dcceb6760 sp=0x0000003cdc1fee80
Event: 356.515 Thread 0x0000014e2e71ee40 DEOPT UNPACKING pc=0x0000014dcc523aa2 sp=0x0000003cdc1fee10 mode 2

Classes loaded (20 events):
Event: 217.055 Loading class java/util/OptionalLong
Event: 217.056 Loading class java/util/OptionalLong done
Event: 217.059 Loading class sun/net/www/HeaderParser
Event: 217.060 Loading class sun/net/www/HeaderParser done
Event: 356.368 Loading class java/util/stream/Nodes$CollectorTask$OfRef
Event: 356.368 Loading class java/util/stream/Nodes$CollectorTask
Event: 356.370 Loading class java/util/stream/Nodes$CollectorTask done
Event: 356.370 Loading class java/util/stream/Nodes$CollectorTask$OfRef done
Event: 356.376 Loading class java/util/function/LongFunction
Event: 356.376 Loading class java/util/function/LongFunction done
Event: 356.377 Loading class java/util/stream/Nodes$ConcNode
Event: 356.377 Loading class java/util/stream/Nodes$AbstractConcNode
Event: 356.378 Loading class java/util/stream/Nodes$AbstractConcNode done
Event: 356.378 Loading class java/util/stream/Nodes$ConcNode done
Event: 356.422 Loading class java/io/ObjectOutputStream$BlockDataOutputStream
Event: 356.423 Loading class java/io/ObjectOutputStream$BlockDataOutputStream done
Event: 356.423 Loading class java/io/ObjectOutputStream$HandleTable
Event: 356.423 Loading class java/io/ObjectOutputStream$HandleTable done
Event: 356.423 Loading class java/io/ObjectOutputStream$ReplaceTable
Event: 356.423 Loading class java/io/ObjectOutputStream$ReplaceTable done

Classes unloaded (7 events):
Event: 35.411 Thread 0x0000014dc1e3ec10 Unloading class 0x0000014dda1a9400 'java/lang/invoke/LambdaForm$MH+0x0000014dda1a9400'
Event: 35.411 Thread 0x0000014dc1e3ec10 Unloading class 0x0000014dda1a9000 'java/lang/invoke/LambdaForm$MH+0x0000014dda1a9000'
Event: 35.411 Thread 0x0000014dc1e3ec10 Unloading class 0x0000014dda1a8c00 'java/lang/invoke/LambdaForm$MH+0x0000014dda1a8c00'
Event: 35.411 Thread 0x0000014dc1e3ec10 Unloading class 0x0000014dda1a8800 'java/lang/invoke/LambdaForm$MH+0x0000014dda1a8800'
Event: 35.411 Thread 0x0000014dc1e3ec10 Unloading class 0x0000014dda1a8400 'java/lang/invoke/LambdaForm$BMH+0x0000014dda1a8400'
Event: 35.411 Thread 0x0000014dc1e3ec10 Unloading class 0x0000014dda1a8000 'java/lang/invoke/LambdaForm$DMH+0x0000014dda1a8000'
Event: 35.411 Thread 0x0000014dc1e3ec10 Unloading class 0x0000014dda1a6c00 'java/lang/invoke/LambdaForm$DMH+0x0000014dda1a6c00'

Classes redefined (0 events):
No events

Internal exceptions (20 events):
Event: 200.176 Thread 0x0000014e23198290 Exception <a 'java/lang/IncompatibleClassChangeError'{0x00000000d5881280}: Found class java.lang.Object, but interface was expected> (0x00000000d5881280) 
thrown [s\src\hotspot\share\interpreter\linkResolver.cpp, line 840]
Event: 200.674 Thread 0x0000014e23198290 Exception <a 'java/lang/IncompatibleClassChangeError'{0x00000000d588e720}: Found class java.lang.Object, but interface was expected> (0x00000000d588e720) 
thrown [s\src\hotspot\share\interpreter\linkResolver.cpp, line 840]
Event: 200.687 Thread 0x0000014e23198290 Exception <a 'java/lang/IncompatibleClassChangeError'{0x00000000d58d2358}: Found class java.lang.Object, but interface was expected> (0x00000000d58d2358) 
thrown [s\src\hotspot\share\interpreter\linkResolver.cpp, line 840]
Event: 200.734 Thread 0x0000014e2319c430 Exception <a 'java/lang/NoSuchMethodError'{0x00000000d55904c8}: 'java.lang.Object java.lang.invoke.DirectMethodHandle$Holder.invokeSpecial(java.lang.Object, java.lang.Object, java.lang.Object, java.lang.Object, int, java.lang.Object, java.lang.Object)'> (0x00000000d55904c8) 
thrown [s\src\hotspot\share\interpreter\linkResolver.cpp, line 773]
Event: 200.746 Thread 0x0000014e23198290 Exception <a 'java/lang/IncompatibleClassChangeError'{0x00000000d5602d80}: Found class java.lang.Object, but interface was expected> (0x00000000d5602d80) 
thrown [s\src\hotspot\share\interpreter\linkResolver.cpp, line 840]
Event: 200.798 Thread 0x0000014e23199640 Exception <a 'java/lang/ArrayIndexOutOfBoundsException'{0x00000000d5889060}: Index 1151 out of bounds for length 1150> (0x00000000d5889060) 
thrown [s\src\hotspot\share\interpreter\interpreterRuntime.cpp, line 439]
Event: 200.817 Thread 0x0000014e23198290 Exception <a 'java/lang/IncompatibleClassChangeError'{0x00000000d58fd468}: Found class java.lang.Object, but interface was expected> (0x00000000d58fd468) 
thrown [s\src\hotspot\share\interpreter\linkResolver.cpp, line 840]
Event: 201.000 Thread 0x0000014e23194e10 Exception <a 'java/lang/NoSuchMethodError'{0x00000000d56b3580}: 'int java.lang.invoke.Invokers$Holder.invokeExact_MT(java.lang.Object, java.lang.Object)'> (0x00000000d56b3580) 
thrown [s\src\hotspot\share\interpreter\linkResolver.cpp, line 773]
Event: 202.647 Thread 0x0000014e2319a360 Exception <a 'java/lang/NoSuchMethodError'{0x00000000d5700260}: 'java.lang.Object java.lang.invoke.DirectMethodHandle$Holder.newInvokeSpecial(java.lang.Object, java.lang.Object, int, java.lang.Object, java.lang.Object, java.lang.Object, java.lang.Object)'> (0x00000000d5700260) 
thrown [s\src\hotspot\share\interpreter\linkResolver.cpp, line 773]
Event: 213.501 Thread 0x0000014e23198290 Exception <a 'java/lang/IncompatibleClassChangeError'{0x00000000d55c7e08}: Found class java.lang.Object, but interface was expected> (0x00000000d55c7e08) 
thrown [s\src\hotspot\share\interpreter\linkResolver.cpp, line 840]
Event: 213.846 Thread 0x0000014e2319a360 Exception <a 'java/lang/NoSuchMethodError'{0x00000000d571a2f8}: 'java.lang.Object java.lang.invoke.DirectMethodHandle$Holder.invokeStatic(java.lang.Object, int, java.lang.Object)'> (0x00000000d571a2f8) 
thrown [s\src\hotspot\share\interpreter\linkResolver.cpp, line 773]
Event: 214.020 Thread 0x0000014e2319a360 Exception <a 'java/lang/NoSuchMethodError'{0x00000000d57876a0}: 'int java.lang.invoke.DirectMethodHandle$Holder.invokeStaticInit(java.lang.Object, int)'> (0x00000000d57876a0) 
thrown [s\src\hotspot\share\interpreter\linkResolver.cpp, line 773]
Event: 215.567 Thread 0x0000014e23198920 Exception <a 'java/lang/NoSuchMethodError'{0x00000000d56fa710}: 'java.lang.Object java.lang.invoke.DirectMethodHandle$Holder.invokeStaticInit(java.lang.Object, java.lang.Object, int)'> (0x00000000d56fa710) 
thrown [s\src\hotspot\share\interpreter\linkResolver.cpp, line 773]
Event: 215.687 Thread 0x0000014e23198920 Exception <a 'java/lang/NoSuchMethodError'{0x00000000d56204b8}: 'void java.lang.invoke.DirectMethodHandle$Holder.invokeStatic(java.lang.Object, java.lang.Object, java.lang.Object, java.lang.Object, java.lang.Object, java.lang.Object, java.lang.Object)'> (0x00000000d56204b8) 
thrown [s\src\hotspot\share\interpreter\linkResolver.cpp, line 773]
Event: 216.094 Thread 0x0000014e2e7215a0 Exception <a 'java/lang/NoSuchMethodError'{0x00000000d56b4640}: 'void java.lang.invoke.DirectMethodHandle$Holder.invokeStatic(java.lang.Object, java.lang.Object, int)'> (0x00000000d56b4640) 
thrown [s\src\hotspot\share\interpreter\linkResolver.cpp, line 773]
Event: 356.403 Thread 0x0000014e2e71ee40 Exception <a 'sun/nio/fs/WindowsException'{0x00000000d57c5028}> (0x00000000d57c5028) 
thrown [s\src\hotspot\share\prims\jni.cpp, line 520]
Event: 356.404 Thread 0x0000014e2e71ee40 Exception <a 'sun/nio/fs/WindowsException'{0x00000000d57c5b78}> (0x00000000d57c5b78) 
thrown [s\src\hotspot\share\prims\jni.cpp, line 520]
Event: 356.405 Thread 0x0000014e2e71ee40 Implicit null exception at 0x0000014dcd5109a1 to 0x0000014dcd510d00
Event: 356.468 Thread 0x0000014e2e71ee40 Exception <a 'java/lang/NoSuchMethodError'{0x00000000d5871920}: static [J.<clinit>()V> (0x00000000d5871920) 
thrown [s\src\hotspot\share\prims\jni.cpp, line 1111]
Event: 356.497 Thread 0x0000014e2e71ee40 Exception <a 'java/lang/NoSuchMethodError'{0x00000000d55a5848}: 'java.lang.Object java.lang.invoke.DirectMethodHandle$Holder.newInvokeSpecial(java.lang.Object, java.lang.Object, java.lang.Object, java.lang.Object, java.lang.Object, java.lang.Object, java.lang.Object, java.lang.Object)'> (0x00000000d55a5848) 
thrown [s\src\hotspot\share\interpreter\linkResolver.cpp, line 773]

ZGC Phase Switch (0 events):
No events

VM Operations (20 events):
Event: 33667.997 Executing non-safepoint VM operation: HandshakeAllThreads (HandshakeForDeflation)
Event: 33667.999 Executing non-safepoint VM operation: HandshakeAllThreads (HandshakeForDeflation) done
Event: 33667.999 Executing non-safepoint VM operation: RendezvousGCThreads
Event: 33667.999 Executing non-safepoint VM operation: RendezvousGCThreads done
Event: 33728.005 Executing non-safepoint VM operation: HandshakeAllThreads (HandshakeForDeflation)
Event: 33728.005 Executing non-safepoint VM operation: HandshakeAllThreads (HandshakeForDeflation) done
Event: 33728.005 Executing non-safepoint VM operation: RendezvousGCThreads
Event: 33728.005 Executing non-safepoint VM operation: RendezvousGCThreads done
Event: 33848.260 Executing non-safepoint VM operation: HandshakeAllThreads (HandshakeForDeflation)
Event: 33848.262 Executing non-safepoint VM operation: HandshakeAllThreads (HandshakeForDeflation) done
Event: 33848.262 Executing non-safepoint VM operation: RendezvousGCThreads
Event: 33848.263 Executing non-safepoint VM operation: RendezvousGCThreads done
Event: 33908.326 Executing non-safepoint VM operation: HandshakeAllThreads (HandshakeForDeflation)
Event: 33908.326 Executing non-safepoint VM operation: HandshakeAllThreads (HandshakeForDeflation) done
Event: 33908.326 Executing non-safepoint VM operation: RendezvousGCThreads
Event: 33908.326 Executing non-safepoint VM operation: RendezvousGCThreads done
Event: 33968.551 Executing non-safepoint VM operation: HandshakeAllThreads (HandshakeForDeflation)
Event: 33968.558 Executing non-safepoint VM operation: HandshakeAllThreads (HandshakeForDeflation) done
Event: 33968.558 Executing non-safepoint VM operation: RendezvousGCThreads
Event: 33968.558 Executing non-safepoint VM operation: RendezvousGCThreads done

Memory protections (0 events):
No events

Nmethod flushes (20 events):
Event: 43.174 Thread 0x0000014dc1e3ec10 flushing  nmethod 0x0000014dc57fae10
Event: 43.174 Thread 0x0000014dc1e3ec10 flushing  nmethod 0x0000014dc57ffd10
Event: 43.174 Thread 0x0000014dc1e3ec10 flushing  nmethod 0x0000014dc5800a90
Event: 43.174 Thread 0x0000014dc1e3ec10 flushing  nmethod 0x0000014dc5831b10
Event: 43.174 Thread 0x0000014dc1e3ec10 flushing  nmethod 0x0000014dc5839e10
Event: 43.174 Thread 0x0000014dc1e3ec10 flushing osr nmethod 0x0000014dc5848b90
Event: 43.174 Thread 0x0000014dc1e3ec10 flushing osr nmethod 0x0000014dc584a890
Event: 43.174 Thread 0x0000014dc1e3ec10 flushing osr nmethod 0x0000014dc5899d10
Event: 43.174 Thread 0x0000014dc1e3ec10 flushing  nmethod 0x0000014dc58b5810
Event: 43.174 Thread 0x0000014dc1e3ec10 flushing  nmethod 0x0000014dc58bed90
Event: 43.174 Thread 0x0000014dc1e3ec10 flushing  nmethod 0x0000014dc58c0010
Event: 43.174 Thread 0x0000014dc1e3ec10 flushing  nmethod 0x0000014dc58c0610
Event: 43.174 Thread 0x0000014dc1e3ec10 flushing  nmethod 0x0000014dc58d4f10
Event: 43.174 Thread 0x0000014dc1e3ec10 flushing  nmethod 0x0000014dc58d7e90
Event: 43.174 Thread 0x0000014dc1e3ec10 flushing  nmethod 0x0000014dc58d8490
Event: 43.174 Thread 0x0000014dc1e3ec10 flushing  nmethod 0x0000014dc58db990
Event: 43.174 Thread 0x0000014dc1e3ec10 flushing  nmethod 0x0000014dc58dc490
Event: 43.174 Thread 0x0000014dc1e3ec10 flushing  nmethod 0x0000014dc58dce10
Event: 43.174 Thread 0x0000014dc1e3ec10 flushing  nmethod 0x0000014dc58e0d10
Event: 43.174 Thread 0x0000014dc1e3ec10 flushing  nmethod 0x0000014dc5909c10

Events (20 events):
Event: 372.343 Thread 0x0000014e32f72340 Thread exited: 0x0000014e32f72340
Event: 372.351 Thread 0x0000014e32f70900 Thread exited: 0x0000014e32f70900
Event: 372.352 Thread 0x0000014e32f77890 Thread exited: 0x0000014e32f77890
Event: 372.725 Thread 0x0000014e32f71cb0 Thread exited: 0x0000014e32f71cb0
Event: 372.725 Thread 0x0000014e32f70f90 Thread exited: 0x0000014e32f70f90
Event: 372.726 Thread 0x0000014e32f75130 Thread exited: 0x0000014e32f75130
Event: 399.953 Thread 0x0000014e23194e10 Thread exited: 0x0000014e23194e10
Event: 417.487 Thread 0x0000014e32f736f0 Thread exited: 0x0000014e32f736f0
Event: 459.956 Thread 0x0000014e2319c430 Thread exited: 0x0000014e2319c430
Event: 477.505 Thread 0x0000014e2311fae0 Thread exited: 0x0000014e2311fae0
Event: 519.970 Thread 0x0000014e2319b080 Thread exited: 0x0000014e2319b080
Event: 537.517 Thread 0x0000014e23122240 Thread exited: 0x0000014e23122240
Event: 579.979 Thread 0x0000014e2319b710 Thread exited: 0x0000014e2319b710
Event: 597.527 Thread 0x0000014e23120e90 Thread exited: 0x0000014e23120e90
Event: 639.984 Thread 0x0000014e2319a9f0 Thread exited: 0x0000014e2319a9f0
Event: 657.533 Thread 0x0000014e22e131d0 Thread exited: 0x0000014e22e131d0
Event: 699.992 Thread 0x0000014e2319bda0 Thread exited: 0x0000014e2319bda0
Event: 717.538 Thread 0x0000014e23121bb0 Thread exited: 0x0000014e23121bb0
Event: 760.006 Thread 0x0000014e23199640 Thread exited: 0x0000014e23199640
Event: 777.547 Thread 0x0000014e23120800 Thread exited: 0x0000014e23120800


Dynamic libraries:
0x00007ff6c4d30000 - 0x00007ff6c4d3e000 	c:\Users\murem\.vscode\extensions\redhat.java-1.54.0-win32-x64\jre\21.0.10-win32-x86_64\bin\java.exe
0x00007fffd0ea0000 - 0x00007fffd1106000 	C:\WINDOWS\SYSTEM32\ntdll.dll
0x00007fffd0320000 - 0x00007fffd03e9000 	C:\WINDOWS\System32\KERNEL32.DLL
0x00007fffce600000 - 0x00007fffce9fa000 	C:\WINDOWS\System32\KERNELBASE.dll
0x00007fffce330000 - 0x00007fffce47c000 	C:\WINDOWS\System32\ucrtbase.dll
0x00007fffa7580000 - 0x00007fffa7598000 	c:\Users\murem\.vscode\extensions\redhat.java-1.54.0-win32-x64\jre\21.0.10-win32-x86_64\bin\jli.dll
0x00007fff97510000 - 0x00007fff9752e000 	c:\Users\murem\.vscode\extensions\redhat.java-1.54.0-win32-x64\jre\21.0.10-win32-x86_64\bin\VCRUNTIME140.dll
0x00007fffd00d0000 - 0x00007fffd0297000 	C:\WINDOWS\System32\USER32.dll
0x00007fffb9ec0000 - 0x00007fffba152000 	C:\WINDOWS\WinSxS\amd64_microsoft.windows.common-controls_6595b64144ccf1df_6.0.26100.8521_none_3e08b75ce33403b3\COMCTL32.dll
0x00007fffd0740000 - 0x00007fffd07e9000 	C:\WINDOWS\System32\msvcrt.dll
0x00007fffceb30000 - 0x00007fffceb57000 	C:\WINDOWS\System32\win32u.dll
0x00007fffcec10000 - 0x00007fffcec3b000 	C:\WINDOWS\System32\GDI32.dll
0x00007fffcea00000 - 0x00007fffceb2b000 	C:\WINDOWS\System32\gdi32full.dll
0x00007fffce130000 - 0x00007fffce1d3000 	C:\WINDOWS\System32\msvcp_win.dll
0x00007fffcefd0000 - 0x00007fffcf002000 	C:\WINDOWS\System32\IMM32.DLL
0x00007fffc38c0000 - 0x00007fffc38cc000 	c:\Users\murem\.vscode\extensions\redhat.java-1.54.0-win32-x64\jre\21.0.10-win32-x86_64\bin\vcruntime140_1.dll
0x00007fff53fe0000 - 0x00007fff5406d000 	c:\Users\murem\.vscode\extensions\redhat.java-1.54.0-win32-x64\jre\21.0.10-win32-x86_64\bin\msvcp140.dll
0x00007ffefe220000 - 0x00007ffefefc1000 	c:\Users\murem\.vscode\extensions\redhat.java-1.54.0-win32-x64\jre\21.0.10-win32-x86_64\bin\server\jvm.dll
0x00007fffcecb0000 - 0x00007fffced66000 	C:\WINDOWS\System32\ADVAPI32.dll
0x00007fffcfc10000 - 0x00007fffcfcba000 	C:\WINDOWS\System32\sechost.dll
0x00007fffd03f0000 - 0x00007fffd0508000 	C:\WINDOWS\System32\RPCRT4.dll
0x00007fffcee80000 - 0x00007fffcef00000 	C:\WINDOWS\System32\WS2_32.dll
0x00007fffcdf90000 - 0x00007fffcdfee000 	C:\WINDOWS\SYSTEM32\POWRPROF.dll
0x00007fffc7810000 - 0x00007fffc7846000 	C:\WINDOWS\SYSTEM32\WINMM.dll
0x00007fffc7850000 - 0x00007fffc785b000 	C:\WINDOWS\SYSTEM32\VERSION.dll
0x00007fffcdf70000 - 0x00007fffcdf84000 	C:\WINDOWS\SYSTEM32\UMPDC.dll
0x00007fffccec0000 - 0x00007fffccedb000 	C:\WINDOWS\SYSTEM32\kernel.appcore.dll
0x00007fffae720000 - 0x00007fffae72a000 	c:\Users\murem\.vscode\extensions\redhat.java-1.54.0-win32-x64\jre\21.0.10-win32-x86_64\bin\jimage.dll
0x00007fffcb8e0000 - 0x00007fffcbb22000 	C:\WINDOWS\SYSTEM32\DBGHELP.DLL
0x00007fffcfcd0000 - 0x00007fffd0053000 	C:\WINDOWS\System32\combase.dll
0x00007fffcfb10000 - 0x00007fffcfbe9000 	C:\WINDOWS\System32\OLEAUT32.dll
0x00007fffb7730000 - 0x00007fffb776b000 	C:\WINDOWS\SYSTEM32\dbgcore.DLL
0x00007fffceb60000 - 0x00007fffcec08000 	C:\WINDOWS\System32\bcryptPrimitives.dll
0x00007fffae6b0000 - 0x00007fffae6bf000 	c:\Users\murem\.vscode\extensions\redhat.java-1.54.0-win32-x64\jre\21.0.10-win32-x86_64\bin\instrument.dll
0x00007fff930f0000 - 0x00007fff93110000 	c:\Users\murem\.vscode\extensions\redhat.java-1.54.0-win32-x64\jre\21.0.10-win32-x86_64\bin\java.dll
0x00007fffcf220000 - 0x00007fffcf9a4000 	C:\WINDOWS\System32\SHELL32.dll
0x00007fffcbcf0000 - 0x00007fffcc570000 	C:\WINDOWS\SYSTEM32\windows.storage.dll
0x00007fffd0d60000 - 0x00007fffd0e56000 	C:\WINDOWS\System32\SHCORE.dll
0x00007fffcec40000 - 0x00007fffceca7000 	C:\WINDOWS\System32\shlwapi.dll
0x00007fffce050000 - 0x00007fffce079000 	C:\WINDOWS\SYSTEM32\profapi.dll
0x00007fff90d50000 - 0x00007fff90d68000 	c:\Users\murem\.vscode\extensions\redhat.java-1.54.0-win32-x64\jre\21.0.10-win32-x86_64\bin\zip.dll
0x00007fffae460000 - 0x00007fffae470000 	C:\Users\murem\.vscode\extensions\redhat.java-1.54.0-win32-x64\jre\21.0.10-win32-x86_64\bin\net.dll
0x00007fffc4370000 - 0x00007fffc4499000 	C:\WINDOWS\SYSTEM32\WINHTTP.dll
0x00007fffcd430000 - 0x00007fffcd49c000 	C:\WINDOWS\system32\mswsock.dll
0x00007fff90700000 - 0x00007fff90716000 	C:\Users\murem\.vscode\extensions\redhat.java-1.54.0-win32-x64\jre\21.0.10-win32-x86_64\bin\nio.dll
0x00007fffae400000 - 0x00007fffae410000 	c:\Users\murem\.vscode\extensions\redhat.java-1.54.0-win32-x64\jre\21.0.10-win32-x86_64\bin\verify.dll
0x00007fff92ef0000 - 0x00007fff92f35000 	C:\Users\murem\AppData\Roaming\Code\User\globalStorage\redhat.java\1.54.0\config_win\org.eclipse.equinox.launcher\org.eclipse.equinox.launcher.win32.win32.x86_64_1.3.0.v20260203-2149\eclipse_11919.dll
0x00007fffd05a0000 - 0x00007fffd0738000 	C:\WINDOWS\System32\ole32.dll
0x00007fffcd710000 - 0x00007fffcd72b000 	C:\WINDOWS\SYSTEM32\CRYPTSP.dll
0x00007fffcce20000 - 0x00007fffcce59000 	C:\WINDOWS\system32\rsaenh.dll
0x00007fffcd4e0000 - 0x00007fffcd513000 	C:\WINDOWS\SYSTEM32\USERENV.dll
0x00007fffce020000 - 0x00007fffce04a000 	C:\WINDOWS\SYSTEM32\bcrypt.dll
0x00007fffcd730000 - 0x00007fffcd73c000 	C:\WINDOWS\SYSTEM32\CRYPTBASE.dll
0x00007fffcc880000 - 0x00007fffcc8b3000 	C:\WINDOWS\SYSTEM32\IPHLPAPI.DLL
0x00007fffcfbf0000 - 0x00007fffcfbfa000 	C:\WINDOWS\System32\NSI.dll
0x00007fff90210000 - 0x00007fff90259000 	C:\Users\murem\AppData\Local\Temp\jna-104262130\jna18441425975186222711.dll
0x00007fffced70000 - 0x00007fffced78000 	C:\WINDOWS\System32\PSAPI.DLL
0x00007fffc4aa0000 - 0x00007fffc4abd000 	C:\WINDOWS\SYSTEM32\dhcpcsvc6.DLL
0x00007fffc44d0000 - 0x00007fffc44f5000 	C:\WINDOWS\SYSTEM32\dhcpcsvc.DLL
0x00007fffcc910000 - 0x00007fffcca5a000 	C:\WINDOWS\SYSTEM32\DNSAPI.dll
0x00007fffcd230000 - 0x00007fffcd23d000 	C:\WINDOWS\SYSTEM32\DSPARSE.dll
0x00007fffbcc80000 - 0x00007fffbcc8b000 	C:\Windows\System32\rasadhlp.dll
0x00007fffc2560000 - 0x00007fffc25e6000 	C:\WINDOWS\System32\fwpuclnt.dll
0x00007fffb3f30000 - 0x00007fffb3f39000 	C:\Users\murem\.vscode\extensions\redhat.java-1.54.0-win32-x64\jre\21.0.10-win32-x86_64\bin\extnet.dll
0x00007fffa85f0000 - 0x00007fffa85fe000 	C:\Users\murem\.vscode\extensions\redhat.java-1.54.0-win32-x64\jre\21.0.10-win32-x86_64\bin\sunmscapi.dll
0x00007fffce480000 - 0x00007fffce5f8000 	C:\WINDOWS\System32\CRYPT32.dll
0x00007fffcd930000 - 0x00007fffcd960000 	C:\WINDOWS\SYSTEM32\ncrypt.dll
0x00007fffcd8e0000 - 0x00007fffcd91f000 	C:\WINDOWS\SYSTEM32\NTASN1.dll
0x00007fffccfe0000 - 0x00007fffcd016000 	C:\WINDOWS\SYSTEM32\ntmarta.dll
0x00007fff5ebd0000 - 0x00007fff5ebd8000 	C:\WINDOWS\system32\wshunix.dll

JVMTI agents:
c:\Users\murem\.vscode\extensions\redhat.java-1.54.0-win32-x64\lombok\lombok-1.18.39-4050.jar path:c:\Users\murem\.vscode\extensions\redhat.java-1.54.0-win32-x64\jre\21.0.10-win32-x86_64\bin\instrument.dll, loaded, initialized, instrumentlib options:none

dbghelp: loaded successfully - version: 4.0.5 - missing functions: none
symbol engine: initialized successfully - sym options: 0x614 - pdb path: .;c:\Users\murem\.vscode\extensions\redhat.java-1.54.0-win32-x64\jre\21.0.10-win32-x86_64\bin;C:\WINDOWS\SYSTEM32;C:\WINDOWS\WinSxS\amd64_microsoft.windows.common-controls_6595b64144ccf1df_6.0.26100.8521_none_3e08b75ce33403b3;c:\Users\murem\.vscode\extensions\redhat.java-1.54.0-win32-x64\jre\21.0.10-win32-x86_64\bin\server;C:\Users\murem\AppData\Roaming\Code\User\globalStorage\redhat.java\1.54.0\config_win\org.eclipse.equinox.launcher\org.eclipse.equinox.launcher.win32.win32.x86_64_1.3.0.v20260203-2149;C:\Users\murem\AppData\Local\Temp\jna-104262130

VM Arguments:
jvm_args: --add-modules=ALL-SYSTEM --add-opens=java.base/java.util=ALL-UNNAMED --add-opens=java.base/java.lang=ALL-UNNAMED --add-opens=java.base/sun.nio.fs=ALL-UNNAMED -Declipse.application=org.eclipse.jdt.ls.core.id1 -Dosgi.bundles.defaultStartLevel=4 -Declipse.product=org.eclipse.jdt.ls.core.product -Djava.import.generatesMetadataFilesAtProjectRoot=false -DDetectVMInstallationsJob.disabled=true -Dfile.encoding=utf8 -XX:+UseParallelGC -XX:GCTimeRatio=4 -XX:AdaptiveSizePolicyWeight=90 -Dsun.zip.disableMemoryMapping=true -Xmx2G -Xms100m -Xlog:disable -javaagent:c:\Users\murem\.vscode\extensions\redhat.java-1.54.0-win32-x64\lombok\lombok-1.18.39-4050.jar -XX:+HeapDumpOnOutOfMemoryError -XX:HeapDumpPath=c:\Users\murem\AppData\Roaming\Code\User\workspaceStorage\89c6106dec857782964cb352f9a3a463\redhat.java -Daether.dependencyCollector.impl=bf 
java_command: c:\Users\murem\.vscode\extensions\redhat.java-1.54.0-win32-x64\server\plugins\org.eclipse.equinox.launcher_1.7.100.v20251111-0406.jar -configuration c:\Users\murem\AppData\Roaming\Code\User\globalStorage\redhat.java\1.54.0\config_win -data c:\Users\murem\AppData\Roaming\Code\User\workspaceStorage\89c6106dec857782964cb352f9a3a463\redhat.java\jdt_ws --pipe=\\.\pipe\lsp-990141ce3fa1d043335479677e26708a-sock
java_class_path (initial): c:\Users\murem\.vscode\extensions\redhat.java-1.54.0-win32-x64\server\plugins\org.eclipse.equinox.launcher_1.7.100.v20251111-0406.jar
Launcher Type: SUN_STANDARD

[Global flags]
    uintx AdaptiveSizePolicyWeight                 = 90                                        {product} {command line}
     intx CICompilerCount                          = 4                                         {product} {ergonomic}
    uintx GCTimeRatio                              = 4                                         {product} {command line}
     bool HeapDumpOnOutOfMemoryError               = true                                   {manageable} {command line}
    ccstr HeapDumpPath                             = c:\Users\murem\AppData\Roaming\Code\User\workspaceStorage\89c6106dec857782964cb352f9a3a463\redhat.java         {manageable} {command line}
   size_t InitialHeapSize                          = 104857600                                 {product} {command line}
   size_t MaxHeapSize                              = 2147483648                                {product} {command line}
   size_t MaxNewSize                               = 715653120                                 {product} {ergonomic}
   size_t MinHeapDeltaBytes                        = 524288                                    {product} {ergonomic}
   size_t MinHeapSize                              = 104857600                                 {product} {command line}
   size_t NewSize                                  = 34603008                                  {product} {ergonomic}
    uintx NonNMethodCodeHeapSize                   = 5839372                                {pd product} {ergonomic}
    uintx NonProfiledCodeHeapSize                  = 122909434                              {pd product} {ergonomic}
   size_t OldSize                                  = 70254592                                  {product} {ergonomic}
    uintx ProfiledCodeHeapSize                     = 122909434                              {pd product} {ergonomic}
    uintx ReservedCodeCacheSize                    = 251658240                              {pd product} {ergonomic}
     bool SegmentedCodeCache                       = true                                      {product} {ergonomic}
   size_t SoftMaxHeapSize                          = 2147483648                             {manageable} {ergonomic}
     bool UseCompressedOops                        = true                           {product lp64_product} {ergonomic}
     bool UseLargePagesIndividualAllocation        = false                                  {pd product} {ergonomic}
     bool UseParallelGC                            = true                                      {product} {command line}

Logging:
Log output configuration:
 #0: stdout all=off uptime,level,tags foldmultilines=false
 #1: stderr all=off uptime,level,tags foldmultilines=false

Release file:
JAVA_VERSION="21.0.10" 
MODULES="java.base java.compiler java.datatransfer java.xml java.prefs java.desktop java.instrument java.logging java.management java.security.sasl java.naming java.rmi java.management.rmi java.net.http java.scripting java.security.jgss java.transaction.xa java.sql java.sql.rowset java.xml.crypto java.se java.smartcardio jdk.accessibility jdk.internal.jvmstat jdk.attach jdk.charsets jdk.internal.opt jdk.zipfs jdk.compiler jdk.crypto.ec jdk.crypto.cryptoki jdk.crypto.mscapi jdk.dynalink jdk.internal.ed jdk.editpad jdk.hotspot.agent jdk.httpserver jdk.internal.le jdk.internal.vm.ci jdk.internal.vm.compiler jdk.internal.vm.compiler.management jdk.jartool jdk.javadoc jdk.jcmd jdk.management jdk.management.agent jdk.jconsole jdk.jdeps jdk.jdwp.agent jdk.jdi jdk.jfr jdk.jshell jdk.jsobject jdk.jstatd jdk.localedata jdk.management.jfr jdk.naming.dns jdk.naming.rmi jdk.net jdk.nio.mapmode jdk.random jdk.sctp jdk.security.auth jdk.security.jgss jdk.unsupported jdk.unsupported.desktop jdk.xml.dom" 

Environment Variables:
PATH=C:\Program Files\Eclipse Adoptium\jdk-17.0.18.8-hotspot\bin;C:\Program Files\Common Files\Oracle\Java\javapath;C:\Program Files\MySQL\MySQL Server 9.3\bin;C:\WINDOWS;C:\WINDOWS\System32\Wbem;C:\WINDOWS\System32\WindowsPowerShell\v1.0\;C:\WINDOWS\System32\OpenSSH\;C:\Program Files (x86)\Microsoft SQL Server\160\Tools\Binn\;C:\Program Files\Microsoft SQL Server\160\Tools\Binn\;C:\Program Files\Microsoft SQL Server\Client SDK\ODBC\170\Tools\Binn\;C:\Program Files\Microsoft SQL Server\160\DTS\Binn\;C:\Program Files (x86)\Microsoft SQL Server\160\DTS\Binn\;C:\Program Files (x86)\Bitvise SSH Client;C:\WINDOWS\system32;C:\Program Files\Git\cmd;C:\Program Files\nodejs\;C:\Program Files\Docker\Docker\resources\bin;C:\Program Files\Eclipse Adoptium\jdk-17.0.18.8-hotspot\bin;C:\Program Files\Common Files\Oracle\Java\javapath;C:\Program Files\MySQL\MySQL Server 9.3\bin;C:\WINDOWS;C:\WINDOWS\System32\Wbem;C:\WINDOWS\System32\WindowsPowerShell\v1.0\;C:\WINDOWS\System32\OpenSSH\;C:\Program Files (x86)\Microsoft SQL Server\160\Tools\Binn\;C:\Program Files\Microsoft SQL Server\160\Tools\Binn\;C:\Program Files\Microsoft SQL Server\Client SDK\ODBC\170\Tools\Binn\;C:\Program Files\Microsoft SQL Server\160\DTS\Binn\;C:\Program Files (x86)\Microsoft SQL Server\160\DTS\Binn\;C:\Program Files (x86)\Bitvise SSH Client;C:\WINDOWS\system32;C:\Program Files\Git\cmd;C:\Program Files\nodejs\;C:\Users\murem\AppData\Local\Microsoft\WindowsApps;C:\Users\murem\AppData\Local\GitHubDesktop\bin;C:\Users\murem\AppData\Local\Programs\Microsoft VS Code\bin;C:\Users\murem\AppData\Roaming\npm;C:\Users\murem\Downloads\apache-maven-3.9.15-bin\apache-maven-3.9.15\bin
USERNAME=murem
OS=Windows_NT
PROCESSOR_IDENTIFIER=AMD64 Family 25 Model 80 Stepping 0, AuthenticAMD
TMP=C:\Users\murem\AppData\Local\Temp
TEMP=C:\Users\murem\AppData\Local\Temp




Periodic native trim disabled

---------------  S Y S T E M  ---------------

OS:
 Windows 11 , 64 bit Build 26100 (10.0.26100.8521)
OS uptime: 1 days 0:04 hours
Hyper-V role detected

CPU: total 12 (initial active 12) (12 cores per cpu, 2 threads per core) family 25 model 80 stepping 0 microcode 0xa500014, cx8, cmov, fxsr, ht, mmx, 3dnowpref, sse, sse2, sse3, ssse3, sse4a, sse4.1, sse4.2, popcnt, lzcnt, tsc, tscinvbit, avx, avx2, aes, erms, clmul, bmi1, bmi2, adx, sha, fma, vzeroupper, clflush, clflushopt, hv, rdtscp, rdpid, fsrm, f16c, cet_ss
Processor Information for processor 0
  Max Mhz: 2301, Current Mhz: 1904, Mhz Limit: 2301
Processor Information for processor 1
  Max Mhz: 2301, Current Mhz: 1904, Mhz Limit: 2301
Processor Information for processor 2
  Max Mhz: 2301, Current Mhz: 1904, Mhz Limit: 2301
Processor Information for processor 3
  Max Mhz: 2301, Current Mhz: 1904, Mhz Limit: 2301
Processor Information for processor 4
  Max Mhz: 2301, Current Mhz: 1904, Mhz Limit: 2301
Processor Information for processor 5
  Max Mhz: 2301, Current Mhz: 1904, Mhz Limit: 2301
Processor Information for processor 6
  Max Mhz: 2301, Current Mhz: 1904, Mhz Limit: 2301
Processor Information for processor 7
  Max Mhz: 2301, Current Mhz: 1904, Mhz Limit: 2301
Processor Information for processor 8
  Max Mhz: 2301, Current Mhz: 1904, Mhz Limit: 2301
Processor Information for processor 9
  Max Mhz: 2301, Current Mhz: 1798, Mhz Limit: 2301
Processor Information for processor 10
  Max Mhz: 2301, Current Mhz: 1798, Mhz Limit: 2301
Processor Information for processor 11
  Max Mhz: 2301, Current Mhz: 1798, Mhz Limit: 2301

Memory: 4k page, system-wide physical 5989M (322M free)
TotalPageFile size 24421M (AvailPageFile size 241M)
current process WorkingSet (physical memory assigned to process): 8M, peak: 473M
current process commit charge ("private bytes"): 534M, peak: 571M

vm_info: OpenJDK 64-Bit Server VM (21.0.10+7-LTS) for windows-amd64 JRE (21.0.10+7-LTS), built on 2026-01-20T00:00:00Z by "admin" with MS VC++ 17.12 (VS2022)

END.
